* installing to library '/home/runner/R-patched/lib'
* installing *source* package 'birp' ...
** this is package 'birp' version '0.0.3'
** package 'birp' successfully unpacked and MD5 sums checked
** using staged installation
g++
-- The CXX compiler identification is GNU 14.2.0
-- Detecting CXX compiler ABI info
-- Detecting CXX compiler ABI info - done
-- Check for working CXX compiler: /usr/bin/g++ - skipped
-- Detecting CXX compile features
-- Detecting CXX compile features - done
-- Found ZLIB: /usr/lib/libz.so (found version "1.3.1")
-- Compiling in Rcpp mode
-- Using R_HOME from -D: /home/runner/R-patched/build
-- Could NOT find R (missing: R_LIBRARY) 
CMake Error at coretools/CMakeLists.txt:54 (message):
  No R found!


-- Configuring incomplete, errors occurred!
make[1]: Entering directory '/var/local/PKGS/CRAN/birp/src/build'
make[1]: *** No rule to make target 'coreLib'.  Stop.
make[1]: Leaving directory '/var/local/PKGS/CRAN/birp/src/build'
** libs
using C++ compiler: 'g++ (Alpine 14.2.0) 14.2.0'
make[1]: Entering directory '/var/local/PKGS/CRAN/birp/src'
g++ -std=gnu++17 -I"/home/runner/R-patched/build/include" -DNDEBUG -Ilibs/coretools/core/ -Ilibs/coretools/fast_float/include/ -Ilibs/stattools/core/ -Ilibs/core/ -DUSE_RCPP -I'/home/runner/R-patched/lib/Rcpp/include' -I'/home/runner/R-patched/lib/RcppArmadillo/include' -I/usr/local/include   -fopenmp -fpic  -O2 -mtune=native -Wno-ignored-attributes -D__MUSL__   -c RcppExports.cpp -o RcppExports.o
g++ -std=gnu++17 -I"/home/runner/R-patched/build/include" -DNDEBUG -Ilibs/coretools/core/ -Ilibs/coretools/fast_float/include/ -Ilibs/stattools/core/ -Ilibs/core/ -DUSE_RCPP -I'/home/runner/R-patched/lib/Rcpp/include' -I'/home/runner/R-patched/lib/RcppArmadillo/include' -I/usr/local/include   -fopenmp -fpic  -O2 -mtune=native -Wno-ignored-attributes -D__MUSL__   -c main.cpp -o main.o
In file included from libs/coretools/core/coretools/Types/TSomeProbability.h:4,
                 from libs/coretools/core/coretools/Containers/TView.h:11,
                 from libs/coretools/core/coretools/Main/TRandomGenerator.h:6,
                 from libs/coretools/core/coretools/Math/TMatrix.tpp:5,
                 from libs/coretools/core/coretools/Math/TMatrix.h:231,
                 from libs/core/TModels.h:7,
                 from libs/core/TBirpPrior.h:4,
                 from libs/core/TBirpCore.h:4,
                 from main.cpp:2:
libs/coretools/core/coretools/Strings/fromString.h:17:10: fatal error: fast_float/fast_float.h: No such file or directory
   17 | #include "fast_float/fast_float.h"
      |          ^~~~~~~~~~~~~~~~~~~~~~~~~
compilation terminated.
make[1]: *** [/home/runner/R-patched/build/etc/Makeconf:211: main.o] Error 1
make[1]: Leaving directory '/var/local/PKGS/CRAN/birp/src'
make[1]: Entering directory '/var/local/PKGS/CRAN/birp/src'
make[1]: Leaving directory '/var/local/PKGS/CRAN/birp/src'
ERROR: compilation failed for package 'birp'
* removing '/home/runner/R-patched/lib/birp'
