* installing to library '/home/runner/R-patched/lib'
* installing *source* package 'cubature' ...
** this is package 'cubature' version '2.1.2'
** package 'cubature' successfully unpacked and MD5 sums checked
** using staged installation
** libs
R was not built as a library
using C compiler: 'gcc (Alpine 14.2.0) 14.2.0'
using C++ compiler: 'g++ (Alpine 14.2.0) 14.2.0'
make[1]: Entering directory '/var/local/PKGS/CRAN/cubature/src'
R was not built as a library
((cd Cuba && \
./configure  && \
make libcuba.a CC="gcc -std=gnu17" CFLAGS="-I/usr/local/include -I. -I../inst/include -I../../inst/include -I./src/common -D_R_INTERFACE  -O2 -mtune=native  -fpic" AR="ar" ARFLAGS="-rv" RANLIB="ranlib") && \
touch cuba.ts)
checking for gcc... gcc -std=gnu17
checking whether the C compiler works... yes
checking for C compiler default output file name... a.out
checking for suffix of executables... 
checking whether we are cross compiling... no
checking for suffix of object files... o
checking whether we are using the GNU C compiler... yes
checking whether gcc -std=gnu17 accepts -g... yes
checking for gcc -std=gnu17 option to accept ISO C89... none needed
checking for gfortran... gfortran
checking whether we are using the GNU Fortran compiler... yes
checking whether gfortran accepts -g... yes
checking for ranlib... ranlib
checking for a BSD-compatible install... /usr/bin/install -c
checking for an ANSI C-conforming const... yes
checking for inline... inline
checking for long double with more range or precision than double... yes
checking how to run the C preprocessor... gcc -std=gnu17 -E
checking for grep that handles long lines and -e... /bin/grep
checking for egrep... /bin/grep -E
checking for ANSI C header files... yes
checking for sys/types.h... yes
checking for sys/stat.h... yes
checking for stdlib.h... yes
checking for string.h... yes
checking for memory.h... yes
checking for strings.h... yes
checking for inttypes.h... yes
checking for stdint.h... yes
checking for unistd.h... yes
checking for size_t... yes
checking for ssize_t... yes
checking for pid_t... yes
checking for powl... yes
checking for erf... yes
checking vfork.h usability... no
checking vfork.h presence... no
checking for vfork.h... no
checking for fork... yes
checking for vfork... yes
checking for working fork... yes
checking for working vfork... (cached) yes
checking for working alloca.h... yes
checking for alloca... yes
checking build system type... x86_64-unknown-linux-gnu
checking host system type... x86_64-unknown-linux-gnu
checking for shmget... yes
checking for getloadavg... yes
checking for variable-size arrays... yes
checking for MathLink... no
checking for qmake... no
configure: creating ./config.status
config.status: creating makefile
config.status: creating config.h
make[2]: Entering directory '/var/local/PKGS/CRAN/cubature/src/Cuba'
gcc -std=gnu17 -I/usr/local/include -I. -I../inst/include -I../../inst/include -I./src/common -D_R_INTERFACE  -O2 -mtune=native  -fpic -DNOUNDERSCORE -c -o r_helpers.o ./src/common/r_helpers.c
./src/common/r_helpers.c:4:10: fatal error: R.h: No such file or directory
    4 | #include <R.h>
      |          ^~~~~
compilation terminated.
make[2]: *** [makefile:143: libcuba.a(r_helpers.o)] Error 1
make[2]: Leaving directory '/var/local/PKGS/CRAN/cubature/src/Cuba'
make[1]: *** [Makevars:20: cuba.ts] Error 2
make[1]: Leaving directory '/var/local/PKGS/CRAN/cubature/src'
make[1]: Entering directory '/var/local/PKGS/CRAN/cubature/src'
R was not built as a library
make[1]: Leaving directory '/var/local/PKGS/CRAN/cubature/src'
ERROR: compilation failed for package 'cubature'
* removing '/home/runner/R-patched/lib/cubature'
* restoring previous '/home/runner/R-patched/lib/cubature'
