* installing to library '/home/runner/R-patched/lib'
* installing *source* package 'hdf5lib' ...
** this is package 'hdf5lib' version '1.14.6.7'
** package 'hdf5lib' successfully unpacked and MD5 sums checked
** using staged installation
--- [hdf5lib] Starting Unix configuration (STATIC) ---
R was not built as a library
--- [hdf5lib] Decompressing HDF5 and zlib tarballs...
> utils::untar('hdf5.tar.gz')
> 
> utils::untar('zlib.tar.gz')
> 
--- [hdf5lib] Configuring and compiling static zlib...
Building static library libz.a version 1.3.1 with gcc -std=gnu23.
Checking for size_t... Yes.
Checking for off64_t... Yes.
Checking for fseeko... Yes.
Checking for strerror... Yes.
Checking for unistd.h... Yes.
Checking for stdarg.h... Yes.
Checking whether to use vs[n]printf() or s[n]printf()... using vs[n]printf().
Checking for vsnprintf() in stdio.h... Yes.
Checking for return value of vsnprintf()... Yes.
Checking for attribute(visibility) support... Yes.
make[1]: Entering directory '/var/local/PKGS/CRAN/hdf5lib/src/zlib'
gcc -std=gnu23 -O2 -mtune=native -fPIC  -c -o adler32.o adler32.c
gcc -std=gnu23 -O2 -mtune=native -fPIC  -c -o crc32.o crc32.c
gcc -std=gnu23 -O2 -mtune=native -fPIC  -c -o deflate.o deflate.c
gcc -std=gnu23 -O2 -mtune=native -fPIC  -c -o infback.o infback.c
gcc -std=gnu23 -O2 -mtune=native -fPIC  -c -o inffast.o inffast.c
gcc -std=gnu23 -O2 -mtune=native -fPIC  -c -o inflate.o inflate.c
gcc -std=gnu23 -O2 -mtune=native -fPIC  -c -o inftrees.o inftrees.c
gcc -std=gnu23 -O2 -mtune=native -fPIC  -c -o trees.o trees.c
gcc -std=gnu23 -O2 -mtune=native -fPIC  -c -o zutil.o zutil.c
gcc -std=gnu23 -O2 -mtune=native -fPIC  -c -o compress.o compress.c
gcc -std=gnu23 -O2 -mtune=native -fPIC  -c -o uncompr.o uncompr.c
gcc -std=gnu23 -O2 -mtune=native -fPIC  -c -o gzclose.o gzclose.c
gcc -std=gnu23 -O2 -mtune=native -fPIC  -c -o gzlib.o gzlib.c
gcc -std=gnu23 -O2 -mtune=native -fPIC  -c -o gzread.o gzread.c
gcc -std=gnu23 -O2 -mtune=native -fPIC  -c -o gzwrite.o gzwrite.c
ar rc libz.a adler32.o crc32.o deflate.o infback.o inffast.o inflate.o inftrees.o trees.o zutil.o compress.o uncompr.o gzclose.o gzlib.o gzread.o gzwrite.o 
make[1]: Leaving directory '/var/local/PKGS/CRAN/hdf5lib/src/zlib'
--- [hdf5lib] Starting HDF5 build...
--- [hdf5lib] Configuring bundled HDF5 library...
checking for a BSD-compatible install... /usr/bin/install -c
checking whether build environment is sane... yes
checking for a race-free mkdir -p... ./bin/install-sh -c -d
checking for gawk... no
checking for mawk... no
checking for nawk... no
checking for awk... awk
checking whether make sets $(MAKE)... yes
checking whether make supports nested variables... yes
checking whether make supports nested variables... (cached) yes
checking whether to enable maintainer-specific portions of Makefiles... no
checking build system type... x86_64-pc-linux-musl
checking host system type... x86_64-pc-linux-musl
checking shell variables initial values... done
checking if basename works... yes
checking if xargs works... yes
checking for cached host... none
checking enable warnings as errors... no
checking for config x86_64-pc-linux-musl... no
checking for config x86_64-pc-linux-musl... no
checking for config pc-linux-musl... no
checking for config pc-linux-musl... no
checking for config x86_64-linux-musl... no
checking for config x86_64-linux-musl... no
checking for config x86_64-pc... no
checking for config linux-musl... no
checking for config linux-musl... no
checking for config pc... no
checking for config x86_64... no
checking for config ./config/site-specific/host-rcheckserver... no
checking for clang sanitizer checks... checking build mode... production
checking for gcc... gcc -std=gnu23
checking whether the C compiler works... yes
checking for C compiler default output file name... a.out
checking for suffix of executables... 
checking whether we are cross compiling... no
checking for suffix of object files... o
checking whether the compiler supports GNU C... yes
checking whether gcc -std=gnu23 accepts -g... yes
checking for gcc -std=gnu23 option to enable C11 features... none needed
checking whether gcc -std=gnu23 understands -c and -o together... yes
checking whether make supports the include directive... yes (GNU style)
checking dependency style of gcc -std=gnu23... none
checking if unsupported combinations of configure options are allowed... yes
checking for stdio.h... yes
checking for stdlib.h... yes
checking for string.h... yes
checking for inttypes.h... yes
checking for stdint.h... yes
checking for strings.h... yes
checking for sys/stat.h... yes
checking for sys/types.h... yes
checking for unistd.h... yes
checking for off_t... yes
checking for ssize_t... yes
checking whether byte ordering is bigendian... no
checking size of char... 1
checking size of short... 2
checking size of int... 4
checking size of unsigned... 4
checking size of long... 8
checking size of long long... 8
checking size of float... 4
checking size of double... 8
checking size of long double... 16
checking if non-standard feature support is enabled... yes
checking if _Float16 support is enabled... yes
configure: checking if _Float16 support is available
checking size of _Float16... 2
checking for gcc -std=gnu23 options needed to detect all undeclared functions... none needed
checking whether FLT16_EPSILON is declared... no
checking whether FLT16_MIN is declared... no
checking whether FLT16_MAX is declared... no
checking whether FLT16_MIN_10_EXP is declared... no
checking whether FLT16_MAX_10_EXP is declared... no
checking whether FLT16_MANT_DIG is declared... no
checking if _Float16 support is enabled... no
checking if Fortran interface enabled... no
checking whether the compiler supports GNU C++... yes
checking whether g++ -std=gnu++17 accepts -g... yes
checking for g++ -std=gnu++17 option to enable C++11 features... none needed
checking dependency style of g++ -std=gnu++17... none
checking how to run the C++ preprocessor... g++ -std=gnu++17 -E
checking if c++ interface enabled... no
checking if the high-level library is enabled... yes
checking whether to use new references with dimension scales... no
checking for ar... ar
checking whether make sets $(MAKE)... (cached) yes
checking for tr... /usr/bin/tr
checking if srcdir= and time commands work together... yes
checking if Java JNI interface enabled... no
checking if building tests is disabled... no
checking if HDF5 testing intensity level is set... 3
checking if building tools is enabled... no
checking if the high-level GIF tools are enabled... no
checking if building doxygen is enabled... no
checking if doxygen warnings as errors is enabled... FAIL_ON_WARNINGS
checking how to print strings... printf
checking for a sed that does not truncate output... /bin/sed
checking for grep that handles long lines and -e... /bin/grep
checking for egrep... /bin/grep -E
checking for fgrep... /bin/grep -F
checking for ld used by gcc -std=gnu23... /usr/x86_64-alpine-linux-musl/bin/ld
checking if the linker (/usr/x86_64-alpine-linux-musl/bin/ld) is GNU ld... yes
checking for BSD- or MS-compatible name lister (nm)... /usr/bin/nm -B
checking the name lister (/usr/bin/nm -B) interface... BSD nm
checking whether ln -s works... yes
checking the maximum length of command line arguments... 98304
checking how to convert x86_64-pc-linux-musl file names to x86_64-pc-linux-musl format... func_convert_file_noop
checking how to convert x86_64-pc-linux-musl file names to toolchain format... func_convert_file_noop
checking for /usr/x86_64-alpine-linux-musl/bin/ld option to reload object files... -r
checking for objdump... objdump
checking how to recognize dependent libraries... pass_all
checking for dlltool... no
checking how to associate runtime and link libraries... printf %s\n
checking for archiver @FILE support... @
checking for strip... strip
checking for ranlib... ranlib
checking command to parse /usr/bin/nm -B output from gcc -std=gnu23 object... ok
checking for sysroot... no
checking for a working dd... /bin/dd
checking how to truncate binary pipes... /bin/dd bs=4096 count=1
./configure: line 16740: /usr/bin/file: not found
checking for mt... no
checking if : is a manifest tool... no
checking for dlfcn.h... yes
checking for objdir... .libs
checking if gcc -std=gnu23 supports -fno-rtti -fno-exceptions... no
checking for gcc -std=gnu23 option to produce PIC... -fPIC -DPIC
checking if gcc -std=gnu23 PIC flag -fPIC -DPIC works... yes
checking if gcc -std=gnu23 static flag -static works... yes
checking if gcc -std=gnu23 supports -c -o file.o... yes
checking if gcc -std=gnu23 supports -c -o file.o... (cached) yes
checking whether the gcc -std=gnu23 linker (/usr/x86_64-alpine-linux-musl/bin/ld) supports shared libraries... yes
checking dynamic linker characteristics... GNU/Linux ld.so
checking how to hardcode library paths into programs... immediate
checking for shl_load... no
checking for shl_load in -ldld... no
checking for dlopen... yes
checking whether a program can dlopen itself... yes
checking whether a statically linked program can dlopen itself... no
checking whether stripping libraries is possible... yes
checking if libtool supports shared libraries... yes
checking whether to build shared libraries... no
checking whether to build static libraries... yes
checking if we should install only statically linked executables... no
checking if -Wl,-rpath should be used to link shared libs in nondefault directories... yes
checking for ceil in -lm... yes
checking for dlopen in -ldl... yes
checking for dirent.h... yes
checking for features.h... yes
checking for pwd.h... yes
checking for unistd.h... (cached) yes
checking for sys/file.h... yes
checking for sys/ioctl.h... yes
checking for sys/resource.h... yes
checking for sys/stat.h... (cached) yes
checking for sys/time.h... yes
checking for sys/types.h... (cached) yes
checking for arpa/inet.h... yes
checking for netdb.h... yes
checking for netinet/in.h... yes
checking for sys/socket.h... yes
checking for _FILE_OFFSET_BITS value needed for large files... no
checking size of int8_t... 1
checking size of uint8_t... 1
checking size of int_least8_t... 1
checking size of uint_least8_t... 1
checking size of int_fast8_t... 1
checking size of uint_fast8_t... 1
checking size of int16_t... 2
checking size of uint16_t... 2
checking size of int_least16_t... 2
checking size of uint_least16_t... 2
checking size of int_fast16_t... 4
checking size of uint_fast16_t... 4
checking size of int32_t... 4
checking size of uint32_t... 4
checking size of int_least32_t... 4
checking size of uint_least32_t... 4
checking size of int_fast32_t... 4
checking size of uint_fast32_t... 4
checking size of int64_t... 8
checking size of uint64_t... 8
checking size of int_least64_t... 8
checking size of uint_least64_t... 8
checking size of int_fast64_t... 8
checking size of uint_fast64_t... 8
checking size of bool... 1
checking size of off_t... 8
checking size of ptrdiff_t... 8
checking size of size_t... 8
checking size of ssize_t... 8
checking size of time_t... 8
checking if dev_t is scalar... yes
checking for zlib.h... yes
checking for compress2 in -lz... yes
checking for compress2... yes
checking for szlib... suppressed
checking for thread safe support... yes
checking for pthread.h... yes
checking for pthread_self in -lpthread... yes
checking Pthreads supports system scope... yes
checking whether CLOCK_MONOTONIC is declared... yes
checking for tm_gmtoff in struct tm... yes
checking for global timezone variable... yes
checking for st_blocks in struct stat... yes
checking for _getvideoconfig... no
checking for gettextinfo... no
checking for GetConsoleScreenBufferInfo... no
checking for _scrsize... no
checking for ioctl... yes
checking for struct videoconfig... no
checking for struct text_info... no
checking for TIOCGWINSZ... yes
checking for TIOCGETD... yes
checking for library containing clock_gettime... none required
checking for asprintf... yes
checking for clock_gettime... yes
checking for fcntl... yes
checking for flock... yes
checking for fork... yes
checking for gethostname... yes
checking for getrusage... yes
checking for gettimeofday... yes
checking for rand_r... yes
checking for random... yes
checking for strcasestr... yes
checking for strdup... yes
checking for symlink... yes
checking for tmpfile... yes
checking for vasprintf... yes
checking for waitpid... yes
checking for alarm... yes
checking for __attribute__ extension... yes
checking if compiler supports the __builtin_expect() extension... yes
checking enable build diagnostics... no
checking enable debugging symbols... no
checking enable asserts... no
checking enable developer warnings... no
checking whether showing all compiler warnings is enabled... no
checking profiling... no
checking optimization level... high
checking enable file locking... best-effort
checking for internal debug output... none
checking for API tracing... no
checking whether a memory checking tool will be used... no
checking for parallel support files... skipped
checking parallel tools... no
checking if the map API (H5M) is enabled... no
checking if the subfiling I/O virtual file driver (VFD) is enabled... no
checking whether O_DIRECT is declared... yes
checking for posix_memalign... yes
checking if the direct I/O virtual file driver (VFD) is enabled... no
checking if the Mirror virtual file driver (VFD) is enabled... no
checking if the Read-Only S3 virtual file driver (VFD) is enabled... no
checking for libhdfs... suppressed
checking for custom examples path definition... ${prefix}/share/hdf5_examples
checking for custom plugin default path definition... /usr/local/hdf5/lib/plugin
checking whether exception handling functions are checked during data conversions... yes
checking whether data accuracy is guaranteed during data conversions... yes
checking if the machine has window style path name... no
checking if using special algorithm to convert long double to (unsigned) long values... no
checking if using special algorithm to convert (unsigned) long to long double values... no
checking if correctly converting long double to (unsigned) long long values... yes
checking if correctly converting (unsigned) long long to long double values... yes
checking if the system is IBM ppc64le and cannot correctly convert some long double values... no
checking additional programs should be built... no
checking if deprecated public symbols are available... yes
checking which version of public symbols to use by default... v114
checking whether to perform strict file format checks... no
checking for pread... yes
checking for pwrite... yes
checking whether to use pread/pwrite instead of read/write in certain VFDs... yes
checking whether to have library information embedded in the executables... yes
configure: creating ./config.lt
config.lt: creating libtool
checking that generated files are newer than configure... done
configure: creating ./config.status
config.status: creating Makefile
config.status: creating doxygen/Doxyfile
config.status: creating src/Makefile
config.status: creating src/libhdf5.settings
config.status: creating src/H5build_settings.c
config.status: creating test/Makefile
config.status: creating test/H5srcdir_str.h
config.status: creating test/test_abort_fail.sh
config.status: creating test/test_check_version.sh
config.status: creating test/test_error.sh
config.status: creating test/test_external_env.sh
config.status: creating test/test_flush_refresh.sh
config.status: creating test/test_libinfo.sh
config.status: creating test/test_links_env.sh
config.status: creating test/test_mirror.sh
config.status: creating test/test_plugin.sh
config.status: creating test/test_swmr.sh
config.status: creating test/test_use_cases.sh
config.status: creating test/test_vds_env.sh
config.status: creating test/test_vds_swmr.sh
config.status: creating testpar/Makefile
config.status: creating testpar/testpflush.sh
config.status: creating utils/Makefile
config.status: creating utils/mirror_vfd/Makefile
config.status: creating utils/test/Makefile
config.status: creating utils/tools/Makefile
config.status: creating utils/tools/h5dwalk/Makefile
config.status: creating utils/tools/test/Makefile
config.status: creating utils/tools/test/h5dwalk/Makefile
config.status: creating utils/tools/test/h5dwalk/copy_demo_files.sh
config.status: creating utils/tools/test/h5dwalk/testh5dwalk.sh
config.status: creating tools/Makefile
config.status: creating tools/lib/Makefile
config.status: creating tools/libtest/Makefile
config.status: creating tools/src/Makefile
config.status: creating tools/src/h5dump/Makefile
config.status: creating tools/src/h5import/Makefile
config.status: creating tools/src/h5diff/Makefile
config.status: creating tools/src/h5jam/Makefile
config.status: creating tools/src/h5repack/Makefile
config.status: creating tools/src/h5ls/Makefile
config.status: creating tools/src/h5copy/Makefile
config.status: creating tools/src/misc/Makefile
config.status: creating tools/src/h5stat/Makefile
config.status: creating tools/test/Makefile
config.status: creating tools/test/h5dump/Makefile
config.status: creating tools/test/h5dump/h5dump_plugin.sh
config.status: creating tools/test/h5dump/testh5dump.sh
config.status: creating tools/test/h5dump/testh5dumppbits.sh
config.status: creating tools/test/h5dump/testh5dumpvds.sh
config.status: creating tools/test/h5dump/testh5dumpxml.sh
config.status: creating tools/test/h5ls/Makefile
config.status: creating tools/test/h5ls/h5ls_plugin.sh
config.status: creating tools/test/h5ls/testh5ls.sh
config.status: creating tools/test/h5ls/testh5lsvds.sh
config.status: creating tools/test/h5import/Makefile
config.status: creating tools/test/h5import/h5importtestutil.sh
config.status: creating tools/test/h5diff/Makefile
config.status: creating tools/test/h5diff/h5diff_plugin.sh
config.status: creating tools/test/h5diff/testh5diff.sh
config.status: creating tools/test/h5diff/testph5diff.sh
config.status: creating tools/src/h5format_convert/Makefile
config.status: creating tools/test/h5format_convert/Makefile
config.status: creating tools/test/h5format_convert/testh5fc.sh
config.status: creating tools/test/h5jam/Makefile
config.status: creating tools/test/h5jam/testh5jam.sh
config.status: creating tools/test/h5repack/Makefile
config.status: creating tools/test/h5repack/h5repack.sh
config.status: creating tools/test/h5repack/h5repack_plugin.sh
config.status: creating tools/test/h5copy/Makefile
config.status: creating tools/test/h5copy/testh5copy.sh
config.status: creating tools/test/misc/Makefile
config.status: creating tools/test/misc/testh5clear.sh
config.status: creating tools/test/misc/testh5mkgrp.sh
config.status: creating tools/test/misc/testh5repart.sh
config.status: creating tools/test/misc/vds/Makefile
config.status: creating tools/test/h5stat/Makefile
config.status: creating tools/test/h5stat/testh5stat.sh
config.status: creating tools/src/h5perf/Makefile
config.status: creating tools/test/perform/Makefile
config.status: creating bin/h5cc
config.status: creating bin/Makefile
config.status: creating c++/Makefile
config.status: creating c++/src/Makefile
config.status: creating c++/src/h5c++
config.status: creating c++/test/Makefile
config.status: creating c++/test/H5srcdir_str.h
config.status: creating fortran/Makefile
config.status: creating fortran/src/h5fc
config.status: creating fortran/src/Makefile
config.status: creating fortran/src/H5fort_type_defines.h
config.status: creating fortran/test/Makefile
config.status: creating fortran/testpar/Makefile
config.status: creating java/Makefile
config.status: creating java/src/Makefile
config.status: creating java/src/jni/Makefile
config.status: creating java/test/Makefile
config.status: creating java/test/junit.sh
config.status: creating hl/Makefile
config.status: creating hl/src/Makefile
config.status: creating hl/test/Makefile
config.status: creating hl/test/H5srcdir_str.h
config.status: creating hl/tools/Makefile
config.status: creating hl/tools/gif2h5/Makefile
config.status: creating hl/tools/gif2h5/h52giftest.sh
config.status: creating hl/tools/h5watch/Makefile
config.status: creating hl/tools/h5watch/testh5watch.sh
config.status: creating hl/examples/Makefile
config.status: creating hl/examples/run-hlc-ex.sh
config.status: creating hl/c++/Makefile
config.status: creating hl/c++/src/Makefile
config.status: creating hl/c++/test/Makefile
config.status: creating hl/c++/examples/Makefile
config.status: creating hl/c++/examples/run-hlc++-ex.sh
config.status: creating hl/fortran/Makefile
config.status: creating hl/fortran/src/Makefile
config.status: creating hl/fortran/test/Makefile
config.status: creating hl/fortran/examples/Makefile
config.status: creating hl/fortran/examples/run-hlfortran-ex.sh
config.status: creating utils/subfiling_vfd/h5fuse
config.status: creating src/H5config.h
config.status: executing pubconf commands
creating src/H5pubconf.h
Post process src/libhdf5.settings
Post process src/H5build_settings.c
config.status: executing depfiles commands
config.status: executing libtool commands
        SUMMARY OF THE HDF5 CONFIGURATION
        =================================

General Information:
-------------------
                   HDF5 Version: 1.14.6
                  Configured on: Tue Nov 18 02:24:37 CET 2025
                  Configured by: runner@rcheckserver
                    Host system: x86_64-pc-linux-musl
              Uname information: Linux rcheckserver 6.12.57-0-lts #1-Alpine SMP PREEMPT_DYNAMIC 2025-11-06 11:39:02 x86_64 Linux
                       Byte sex: little-endian
             Installation point: /var/local/PKGS/CRAN/hdf5lib/src/hdf5/hdf5

Compiling Options:
------------------
                     Build Mode: production
              Debugging Symbols: no
                        Asserts: no
                      Profiling: no
             Optimization Level: high

Linking Options:
----------------
                      Libraries: static
  Statically Linked Executables: 
                        LDFLAGS: -L/usr/local/lib -L/var/local/PKGS/CRAN/hdf5lib/src/zlib
                     H5_LDFLAGS: 
                     AM_LDFLAGS: 
                Extra libraries: -lpthread -lz -ldl -lm 
                       Archiver: ar
                       AR_FLAGS: cr
                         Ranlib: ranlib

Languages:
----------
                              C: yes
                     C Compiler: /usr/bin/gcc -std=gnu23
                       CPPFLAGS: -I/usr/local/include  -I/var/local/PKGS/CRAN/hdf5lib/src/zlib
                    H5_CPPFLAGS: -D_GNU_SOURCE -D_POSIX_C_SOURCE=200809L   -DNDEBUG -UH5_DEBUG_API -I/var/local/PKGS/CRAN/hdf5lib/src/hdf5/src/H5FDsubfiling
                    AM_CPPFLAGS: 
                        C Flags: -O2 -mtune=native -fPIC
                     H5 C Flags:       
                     AM C Flags: 
               Shared C Library: no
               Static C Library: yes


                        Fortran: no

                            C++: no

                           Java: no


Features:
---------
                     Parallel HDF5: no
  Parallel Filtered Dataset Writes: no
                Large Parallel I/O: no
                High-level library: yes
Dimension scales w/ new references: no
                  Build HDF5 Tests: no
                  Build HDF5 Tools: no
                   Build GIF Tools: no
                      Threadsafety: yes
               Default API mapping: v114
    With deprecated public symbols: yes
            I/O filters (external): deflate(zlib)
                  _Float16 support: no
                     Map (H5M) API: no
                        Direct VFD: no
                        Mirror VFD: no
                     Subfiling VFD: no
                (Read-Only) S3 VFD: no
              (Read-Only) HDFS VFD: no
    Packages w/ extra debug output: none
                       API tracing: no
              Using memory checker: no
                  Use file locking: best-effort
         Strict file format checks: no
      Optimization instrumentation: no
--- [hdf5lib] Compiling HDF5 static library...
make[1]: Entering directory '/var/local/PKGS/CRAN/hdf5lib/src/hdf5'
Making all in src
make[2]: Entering directory '/var/local/PKGS/CRAN/hdf5lib/src/hdf5/src'
make  all-am
make[3]: Entering directory '/var/local/PKGS/CRAN/hdf5lib/src/hdf5/src'
  CC       H5.lo
In file included from H5.c:21:
H5private.h:30:10: fatal error: R_ext/Print.h: No such file or directory
   30 | #include <R_ext/Print.h>
      |          ^~~~~~~~~~~~~~~
compilation terminated.
make[3]: *** [Makefile:1904: H5.lo] Error 1
make[3]: Leaving directory '/var/local/PKGS/CRAN/hdf5lib/src/hdf5/src'
make[2]: *** [Makefile:1378: all] Error 2
make[2]: Leaving directory '/var/local/PKGS/CRAN/hdf5lib/src/hdf5/src'
make[1]: *** [Makefile:733: all-recursive] Error 1
make[1]: Leaving directory '/var/local/PKGS/CRAN/hdf5lib/src/hdf5'
ERROR: configuration failed for package 'hdf5lib'
* removing '/home/runner/R-patched/lib/hdf5lib'
