* installing to library '/home/runner/R-patched/lib'
* installing *source* package 'lightgbm' ...
** package 'lightgbm' successfully unpacked and MD5 sums checked
** using staged installation
checking location of R... /home/runner/R-patched/build
checking whether MM_PREFETCH works... yes
./configure: line 1792: LGB_CPPFLAGS+= -DMM_PREFETCH=1: not found
checking whether MM_MALLOC works... yes
./configure: line 1827: LGB_CPPFLAGS+= -DMM_MALLOC=1: not found
configure: creating ./config.status
config.status: creating src/Makevars
** libs
using C++ compiler: 'g++ (Alpine 14.2.0) 14.2.0'
using C++17
make[1]: Entering directory '/var/local/PKGS/CRAN/lightgbm/src'
g++ -std=gnu++17 -I"/home/runner/R-patched/build/include" -DNDEBUG -I./include -DEIGEN_MPL2_ONLY -DEIGEN_DONT_PARALLELIZE -DUSE_SOCKET -DLGB_R_BUILD  -I/usr/local/include   -fopenmp -pthread -fpic  -O2 -mtune=native -Wno-ignored-attributes -D__MUSL__   -c boosting/boosting.cpp -o boosting/boosting.o
g++ -std=gnu++17 -I"/home/runner/R-patched/build/include" -DNDEBUG -I./include -DEIGEN_MPL2_ONLY -DEIGEN_DONT_PARALLELIZE -DUSE_SOCKET -DLGB_R_BUILD  -I/usr/local/include   -fopenmp -pthread -fpic  -O2 -mtune=native -Wno-ignored-attributes -D__MUSL__   -c boosting/gbdt.cpp -o boosting/gbdt.o
g++ -std=gnu++17 -I"/home/runner/R-patched/build/include" -DNDEBUG -I./include -DEIGEN_MPL2_ONLY -DEIGEN_DONT_PARALLELIZE -DUSE_SOCKET -DLGB_R_BUILD  -I/usr/local/include   -fopenmp -pthread -fpic  -O2 -mtune=native -Wno-ignored-attributes -D__MUSL__   -c boosting/gbdt_model_text.cpp -o boosting/gbdt_model_text.o
g++ -std=gnu++17 -I"/home/runner/R-patched/build/include" -DNDEBUG -I./include -DEIGEN_MPL2_ONLY -DEIGEN_DONT_PARALLELIZE -DUSE_SOCKET -DLGB_R_BUILD  -I/usr/local/include   -fopenmp -pthread -fpic  -O2 -mtune=native -Wno-ignored-attributes -D__MUSL__   -c boosting/gbdt_prediction.cpp -o boosting/gbdt_prediction.o
g++ -std=gnu++17 -I"/home/runner/R-patched/build/include" -DNDEBUG -I./include -DEIGEN_MPL2_ONLY -DEIGEN_DONT_PARALLELIZE -DUSE_SOCKET -DLGB_R_BUILD  -I/usr/local/include   -fopenmp -pthread -fpic  -O2 -mtune=native -Wno-ignored-attributes -D__MUSL__   -c boosting/prediction_early_stop.cpp -o boosting/prediction_early_stop.o
g++ -std=gnu++17 -I"/home/runner/R-patched/build/include" -DNDEBUG -I./include -DEIGEN_MPL2_ONLY -DEIGEN_DONT_PARALLELIZE -DUSE_SOCKET -DLGB_R_BUILD  -I/usr/local/include   -fopenmp -pthread -fpic  -O2 -mtune=native -Wno-ignored-attributes -D__MUSL__   -c boosting/sample_strategy.cpp -o boosting/sample_strategy.o
g++ -std=gnu++17 -I"/home/runner/R-patched/build/include" -DNDEBUG -I./include -DEIGEN_MPL2_ONLY -DEIGEN_DONT_PARALLELIZE -DUSE_SOCKET -DLGB_R_BUILD  -I/usr/local/include   -fopenmp -pthread -fpic  -O2 -mtune=native -Wno-ignored-attributes -D__MUSL__   -c io/bin.cpp -o io/bin.o
g++ -std=gnu++17 -I"/home/runner/R-patched/build/include" -DNDEBUG -I./include -DEIGEN_MPL2_ONLY -DEIGEN_DONT_PARALLELIZE -DUSE_SOCKET -DLGB_R_BUILD  -I/usr/local/include   -fopenmp -pthread -fpic  -O2 -mtune=native -Wno-ignored-attributes -D__MUSL__   -c io/config.cpp -o io/config.o
g++ -std=gnu++17 -I"/home/runner/R-patched/build/include" -DNDEBUG -I./include -DEIGEN_MPL2_ONLY -DEIGEN_DONT_PARALLELIZE -DUSE_SOCKET -DLGB_R_BUILD  -I/usr/local/include   -fopenmp -pthread -fpic  -O2 -mtune=native -Wno-ignored-attributes -D__MUSL__   -c io/config_auto.cpp -o io/config_auto.o
g++ -std=gnu++17 -I"/home/runner/R-patched/build/include" -DNDEBUG -I./include -DEIGEN_MPL2_ONLY -DEIGEN_DONT_PARALLELIZE -DUSE_SOCKET -DLGB_R_BUILD  -I/usr/local/include   -fopenmp -pthread -fpic  -O2 -mtune=native -Wno-ignored-attributes -D__MUSL__   -c io/dataset.cpp -o io/dataset.o
g++ -std=gnu++17 -I"/home/runner/R-patched/build/include" -DNDEBUG -I./include -DEIGEN_MPL2_ONLY -DEIGEN_DONT_PARALLELIZE -DUSE_SOCKET -DLGB_R_BUILD  -I/usr/local/include   -fopenmp -pthread -fpic  -O2 -mtune=native -Wno-ignored-attributes -D__MUSL__   -c io/dataset_loader.cpp -o io/dataset_loader.o
g++ -std=gnu++17 -I"/home/runner/R-patched/build/include" -DNDEBUG -I./include -DEIGEN_MPL2_ONLY -DEIGEN_DONT_PARALLELIZE -DUSE_SOCKET -DLGB_R_BUILD  -I/usr/local/include   -fopenmp -pthread -fpic  -O2 -mtune=native -Wno-ignored-attributes -D__MUSL__   -c io/file_io.cpp -o io/file_io.o
g++ -std=gnu++17 -I"/home/runner/R-patched/build/include" -DNDEBUG -I./include -DEIGEN_MPL2_ONLY -DEIGEN_DONT_PARALLELIZE -DUSE_SOCKET -DLGB_R_BUILD  -I/usr/local/include   -fopenmp -pthread -fpic  -O2 -mtune=native -Wno-ignored-attributes -D__MUSL__   -c io/json11.cpp -o io/json11.o
g++ -std=gnu++17 -I"/home/runner/R-patched/build/include" -DNDEBUG -I./include -DEIGEN_MPL2_ONLY -DEIGEN_DONT_PARALLELIZE -DUSE_SOCKET -DLGB_R_BUILD  -I/usr/local/include   -fopenmp -pthread -fpic  -O2 -mtune=native -Wno-ignored-attributes -D__MUSL__   -c io/metadata.cpp -o io/metadata.o
g++ -std=gnu++17 -I"/home/runner/R-patched/build/include" -DNDEBUG -I./include -DEIGEN_MPL2_ONLY -DEIGEN_DONT_PARALLELIZE -DUSE_SOCKET -DLGB_R_BUILD  -I/usr/local/include   -fopenmp -pthread -fpic  -O2 -mtune=native -Wno-ignored-attributes -D__MUSL__   -c io/parser.cpp -o io/parser.o
g++ -std=gnu++17 -I"/home/runner/R-patched/build/include" -DNDEBUG -I./include -DEIGEN_MPL2_ONLY -DEIGEN_DONT_PARALLELIZE -DUSE_SOCKET -DLGB_R_BUILD  -I/usr/local/include   -fopenmp -pthread -fpic  -O2 -mtune=native -Wno-ignored-attributes -D__MUSL__   -c io/train_share_states.cpp -o io/train_share_states.o
g++ -std=gnu++17 -I"/home/runner/R-patched/build/include" -DNDEBUG -I./include -DEIGEN_MPL2_ONLY -DEIGEN_DONT_PARALLELIZE -DUSE_SOCKET -DLGB_R_BUILD  -I/usr/local/include   -fopenmp -pthread -fpic  -O2 -mtune=native -Wno-ignored-attributes -D__MUSL__   -c io/tree.cpp -o io/tree.o
g++ -std=gnu++17 -I"/home/runner/R-patched/build/include" -DNDEBUG -I./include -DEIGEN_MPL2_ONLY -DEIGEN_DONT_PARALLELIZE -DUSE_SOCKET -DLGB_R_BUILD  -I/usr/local/include   -fopenmp -pthread -fpic  -O2 -mtune=native -Wno-ignored-attributes -D__MUSL__   -c metric/dcg_calculator.cpp -o metric/dcg_calculator.o
g++ -std=gnu++17 -I"/home/runner/R-patched/build/include" -DNDEBUG -I./include -DEIGEN_MPL2_ONLY -DEIGEN_DONT_PARALLELIZE -DUSE_SOCKET -DLGB_R_BUILD  -I/usr/local/include   -fopenmp -pthread -fpic  -O2 -mtune=native -Wno-ignored-attributes -D__MUSL__   -c metric/metric.cpp -o metric/metric.o
g++ -std=gnu++17 -I"/home/runner/R-patched/build/include" -DNDEBUG -I./include -DEIGEN_MPL2_ONLY -DEIGEN_DONT_PARALLELIZE -DUSE_SOCKET -DLGB_R_BUILD  -I/usr/local/include   -fopenmp -pthread -fpic  -O2 -mtune=native -Wno-ignored-attributes -D__MUSL__   -c objective/objective_function.cpp -o objective/objective_function.o
g++ -std=gnu++17 -I"/home/runner/R-patched/build/include" -DNDEBUG -I./include -DEIGEN_MPL2_ONLY -DEIGEN_DONT_PARALLELIZE -DUSE_SOCKET -DLGB_R_BUILD  -I/usr/local/include   -fopenmp -pthread -fpic  -O2 -mtune=native -Wno-ignored-attributes -D__MUSL__   -c network/linker_topo.cpp -o network/linker_topo.o
g++ -std=gnu++17 -I"/home/runner/R-patched/build/include" -DNDEBUG -I./include -DEIGEN_MPL2_ONLY -DEIGEN_DONT_PARALLELIZE -DUSE_SOCKET -DLGB_R_BUILD  -I/usr/local/include   -fopenmp -pthread -fpic  -O2 -mtune=native -Wno-ignored-attributes -D__MUSL__   -c network/linkers_mpi.cpp -o network/linkers_mpi.o
g++ -std=gnu++17 -I"/home/runner/R-patched/build/include" -DNDEBUG -I./include -DEIGEN_MPL2_ONLY -DEIGEN_DONT_PARALLELIZE -DUSE_SOCKET -DLGB_R_BUILD  -I/usr/local/include   -fopenmp -pthread -fpic  -O2 -mtune=native -Wno-ignored-attributes -D__MUSL__   -c network/linkers_socket.cpp -o network/linkers_socket.o
g++ -std=gnu++17 -I"/home/runner/R-patched/build/include" -DNDEBUG -I./include -DEIGEN_MPL2_ONLY -DEIGEN_DONT_PARALLELIZE -DUSE_SOCKET -DLGB_R_BUILD  -I/usr/local/include   -fopenmp -pthread -fpic  -O2 -mtune=native -Wno-ignored-attributes -D__MUSL__   -c network/network.cpp -o network/network.o
g++ -std=gnu++17 -I"/home/runner/R-patched/build/include" -DNDEBUG -I./include -DEIGEN_MPL2_ONLY -DEIGEN_DONT_PARALLELIZE -DUSE_SOCKET -DLGB_R_BUILD  -I/usr/local/include   -fopenmp -pthread -fpic  -O2 -mtune=native -Wno-ignored-attributes -D__MUSL__   -c treelearner/data_parallel_tree_learner.cpp -o treelearner/data_parallel_tree_learner.o
g++ -std=gnu++17 -I"/home/runner/R-patched/build/include" -DNDEBUG -I./include -DEIGEN_MPL2_ONLY -DEIGEN_DONT_PARALLELIZE -DUSE_SOCKET -DLGB_R_BUILD  -I/usr/local/include   -fopenmp -pthread -fpic  -O2 -mtune=native -Wno-ignored-attributes -D__MUSL__   -c treelearner/feature_histogram.cpp -o treelearner/feature_histogram.o
g++ -std=gnu++17 -I"/home/runner/R-patched/build/include" -DNDEBUG -I./include -DEIGEN_MPL2_ONLY -DEIGEN_DONT_PARALLELIZE -DUSE_SOCKET -DLGB_R_BUILD  -I/usr/local/include   -fopenmp -pthread -fpic  -O2 -mtune=native -Wno-ignored-attributes -D__MUSL__   -c treelearner/feature_parallel_tree_learner.cpp -o treelearner/feature_parallel_tree_learner.o
g++ -std=gnu++17 -I"/home/runner/R-patched/build/include" -DNDEBUG -I./include -DEIGEN_MPL2_ONLY -DEIGEN_DONT_PARALLELIZE -DUSE_SOCKET -DLGB_R_BUILD  -I/usr/local/include   -fopenmp -pthread -fpic  -O2 -mtune=native -Wno-ignored-attributes -D__MUSL__   -c treelearner/gpu_tree_learner.cpp -o treelearner/gpu_tree_learner.o
g++ -std=gnu++17 -I"/home/runner/R-patched/build/include" -DNDEBUG -I./include -DEIGEN_MPL2_ONLY -DEIGEN_DONT_PARALLELIZE -DUSE_SOCKET -DLGB_R_BUILD  -I/usr/local/include   -fopenmp -pthread -fpic  -O2 -mtune=native -Wno-ignored-attributes -D__MUSL__   -c treelearner/gradient_discretizer.cpp -o treelearner/gradient_discretizer.o
g++ -std=gnu++17 -I"/home/runner/R-patched/build/include" -DNDEBUG -I./include -DEIGEN_MPL2_ONLY -DEIGEN_DONT_PARALLELIZE -DUSE_SOCKET -DLGB_R_BUILD  -I/usr/local/include   -fopenmp -pthread -fpic  -O2 -mtune=native -Wno-ignored-attributes -D__MUSL__   -c treelearner/linear_tree_learner.cpp -o treelearner/linear_tree_learner.o
In file included from ./include/LightGBM/config.h:21,
                 from ./include/LightGBM/dataset.h:9,
                 from treelearner/serial_tree_learner.h:8,
                 from treelearner/linear_tree_learner.h:14,
                 from treelearner/linear_tree_learner.cpp:5:
./include/LightGBM/utils/common.h:53:26: error: 'void* malloc(size_t)' was declared 'extern' and later 'static' [-fpermissive]
   53 | #define _mm_malloc(a, b) malloc(a)
      |                          ^~~~~~
In file included from /usr/include/fortify/stdlib.h:23,
                 from /usr/include/c++/14.2.0/bits/std_abs.h:38,
                 from /usr/include/c++/14.2.0/cmath:49,
                 from treelearner/linear_tree_learner.h:8:
/usr/include/stdlib.h:40:7: note: previous declaration of 'void* malloc(size_t)'
   40 | void *malloc (size_t);
      |       ^~~~~~
In file included from /usr/lib/gcc/x86_64-alpine-linux-musl/14.2.0/include/xmmintrin.h:34,
                 from /usr/lib/gcc/x86_64-alpine-linux-musl/14.2.0/include/emmintrin.h:31,
                 from ./include/Eigen/src/Core/util/ConfigureVectorization.h:346,
                 from ./include/Eigen/Core:22,
                 from ./include/Eigen/Dense:1,
                 from treelearner/linear_tree_learner.cpp:7:
/usr/lib/gcc/x86_64-alpine-linux-musl/14.2.0/include/mm_malloc.h: In function 'void* malloc(size_t)':
/usr/lib/gcc/x86_64-alpine-linux-musl/14.2.0/include/mm_malloc.h:42:7: error: '__alignment' was not declared in this scope
   42 |   if (__alignment == 1)
      |       ^~~~~~~~~~~
/usr/lib/gcc/x86_64-alpine-linux-musl/14.2.0/include/mm_malloc.h:44:7: error: '__alignment' was not declared in this scope
   44 |   if (__alignment == 2 || (sizeof (void *) == 8 && __alignment == 4))
      |       ^~~~~~~~~~~
/usr/lib/gcc/x86_64-alpine-linux-musl/14.2.0/include/mm_malloc.h:46:35: error: '__alignment' was not declared in this scope
   46 |   if (_mm_posix_memalign (&__ptr, __alignment, __size) == 0)
      |                                   ^~~~~~~~~~~
/usr/lib/gcc/x86_64-alpine-linux-musl/14.2.0/include/mm_malloc.h: At global scope:
./include/LightGBM/utils/common.h:54:21: error: 'void free(void*)' was declared 'extern' and later 'static' [-fpermissive]
   54 | #define _mm_free(a) free(a)
      |                     ^~~~
In file included from /usr/include/pthread.h:30,
                 from /usr/include/c++/14.2.0/x86_64-alpine-linux-musl/bits/gthr-default.h:35,
                 from /usr/include/c++/14.2.0/x86_64-alpine-linux-musl/bits/gthr.h:157,
                 from /usr/include/c++/14.2.0/ext/atomicity.h:35,
                 from /usr/include/c++/14.2.0/bits/shared_ptr_base.h:61,
                 from /usr/include/c++/14.2.0/bits/shared_ptr.h:53,
                 from /usr/include/c++/14.2.0/memory:80,
                 from treelearner/linear_tree_learner.h:10:
/usr/include/sched.h:85:6: note: previous declaration of 'void free(void*)'
   85 | void free(void *);
      |      ^~~~
make[1]: *** [/home/runner/R-patched/build/etc/Makeconf:204: treelearner/linear_tree_learner.o] Error 1
make[1]: Leaving directory '/var/local/PKGS/CRAN/lightgbm/src'
make[1]: Entering directory '/var/local/PKGS/CRAN/lightgbm/src'
make[1]: Leaving directory '/var/local/PKGS/CRAN/lightgbm/src'
ERROR: compilation failed for package 'lightgbm'
* removing '/home/runner/R-patched/lib/lightgbm'
