* installing to library '/home/runner/R-patched/lib'
* installing *source* package 'rolog' ...
** this is package 'rolog' version '0.9.27'
** package 'rolog' successfully unpacked and MD5 sums checked
** using staged installation
** libs
using C++ compiler: 'g++ (Alpine 14.2.0) 14.2.0'
make[1]: Entering directory '/var/local/PKGS/CRAN/rolog/src'
Found SWI-Prolog at /home/runner/R-patched/lib/rswipl/swipl/lib/swipl
g++ -std=gnu++20 -I"/home/runner/R-patched/build/include" -DNDEBUG -I"/home/runner/R-patched/lib/rswipl/swipl/lib/swipl/include" -D_REENTRANT -D__SWI_PROLOG__ -DRPACKAGE -I'/home/runner/R-patched/lib/Rcpp/include' -I/usr/local/include    -fpic  -O2 -mtune=native -Wno-ignored-attributes   -c RcppExports.cpp -o RcppExports.o
g++ -std=gnu++20 -I"/home/runner/R-patched/build/include" -DNDEBUG -I"/home/runner/R-patched/lib/rswipl/swipl/lib/swipl/include" -D_REENTRANT -D__SWI_PROLOG__ -DRPACKAGE -I'/home/runner/R-patched/lib/Rcpp/include' -I/usr/local/include    -fpic  -O2 -mtune=native -Wno-ignored-attributes   -c rolog.cpp -o rolog.o
g++ -std=gnu++20 -shared -L/usr/local/lib -o rolog.so RcppExports.o rolog.o -L/home/runner/R-patched/lib/rswipl/swipl/lib/swipl/.. -lswipl
make[1]: Leaving directory '/var/local/PKGS/CRAN/rolog/src'
make[1]: Entering directory '/var/local/PKGS/CRAN/rolog/src'
Found SWI-Prolog at /home/runner/R-patched/lib/rswipl/swipl/lib/swipl
make[1]: Leaving directory '/var/local/PKGS/CRAN/rolog/src'
installing to /home/runner/R-patched/lib/00LOCK-rolog/00new/rolog/libs
** R
** inst
** byte-compile and prepare package for lazy loading
** help
*** installing help indices
** building package indices
** installing vignettes
** testing if installed package can be loaded from temporary location
Error: package or namespace load failed for 'rolog':
 .onLoad failed in loadNamespace() for 'rolog', details:
  call: dyn.load(file, DLLpath = DLLpath, ...)
  error: unable to load shared object '/home/runner/R-patched/lib/00LOCK-rolog/00new/rolog/libs/rolog.so':
  Error loading shared library libswipl.so.10: No such file or directory (needed by /home/runner/R-patched/lib/00LOCK-rolog/00new/rolog/libs/rolog.so)
Error: loading failed
Execution halted
ERROR: loading failed
* removing '/home/runner/R-patched/lib/rolog'
