* installing to library '/home/runner/R-patched/lib'
* installing *source* package 'terra' ...
** this is package 'terra' version '1.8-50'
** package 'terra' successfully unpacked and MD5 sums checked
** using staged installation
configure: CC: gcc -std=gnu23
configure: CXX: g++ -std=gnu++17
checking for gdal-config... /usr/bin/gdal-config
checking gdal-config usability... yes
configure: GDAL: 3.10.3
checking GDAL version >= 2.0.1... yes
checking for gcc... gcc -std=gnu23
checking whether the C compiler works... yes
checking for C compiler default output file name... a.out
checking for suffix of executables... 
checking whether we are cross compiling... no
checking for suffix of object files... o
checking whether the compiler supports GNU C... yes
checking whether gcc -std=gnu23 accepts -g... yes
checking for gcc -std=gnu23 option to enable C11 features... none needed
checking for stdio.h... yes
checking for stdlib.h... yes
checking for string.h... yes
checking for inttypes.h... yes
checking for stdint.h... yes
checking for strings.h... yes
checking for sys/stat.h... yes
checking for sys/types.h... yes
checking for unistd.h... yes
checking for gdal.h... yes
checking GDAL: linking with --libs only... yes
checking GDAL: /usr/share/gdal/pcs.csv readable... no
checking GDAL: checking whether PROJ is available for linking:... yes
checking GDAL: checking whether PROJ is available for running:... yes
configure: GDAL: 3.10.3
configure: pkg-config proj exists, will use it
configure: using proj.h.
configure: PROJ: 9.5.0
checking PROJ: checking whether PROJ and sqlite3 are available for linking:... yes
checking for geos-config... /usr/bin/geos-config
checking geos-config usability... yes
configure: GEOS: 3.13.0
checking GEOS version >= 3.4.0... yes
checking for geos_c.h... yes
checking geos: linking with -L/usr/lib -lgeos_c... yes
checking Intel TBB exists:... yes
checking tbb available for compiling and linking:... yes
configure: Package CPP flags:  -I/usr/include/webp -DHAVE_PROJ_H -I/usr/include -I/usr/include  -DHAVE_TBB
configure: Package LIBS: -ltbb -lproj   -L/usr/lib -lgdal -L/usr/lib -lgeos_c
configure: creating ./config.status
config.status: creating src/Makevars
** libs
using C compiler: 'gcc (Alpine 14.2.0) 14.2.0'
using C++ compiler: 'g++ (Alpine 14.2.0) 14.2.0'
using C++17
make[1]: Entering directory '/var/local/PKGS/CRAN/terra/src'
g++ -std=gnu++17 -I"/home/runner/R-patched/build/include" -DNDEBUG -I/usr/include/webp -DHAVE_PROJ_H -I/usr/include -I/usr/include  -DHAVE_TBB -I'/home/runner/R-patched/lib/Rcpp/include' -I/usr/local/include    -fpic  -O2 -mtune=native -Wno-ignored-attributes -D__MUSL__   -c RcppExports.cpp -o RcppExports.o
g++ -std=gnu++17 -I"/home/runner/R-patched/build/include" -DNDEBUG -I/usr/include/webp -DHAVE_PROJ_H -I/usr/include -I/usr/include  -DHAVE_TBB -I'/home/runner/R-patched/lib/Rcpp/include' -I/usr/local/include    -fpic  -O2 -mtune=native -Wno-ignored-attributes -D__MUSL__   -c RcppFunctions.cpp -o RcppFunctions.o
g++ -std=gnu++17 -I"/home/runner/R-patched/build/include" -DNDEBUG -I/usr/include/webp -DHAVE_PROJ_H -I/usr/include -I/usr/include  -DHAVE_TBB -I'/home/runner/R-patched/lib/Rcpp/include' -I/usr/local/include    -fpic  -O2 -mtune=native -Wno-ignored-attributes -D__MUSL__   -c RcppModule.cpp -o RcppModule.o
g++ -std=gnu++17 -I"/home/runner/R-patched/build/include" -DNDEBUG -I/usr/include/webp -DHAVE_PROJ_H -I/usr/include -I/usr/include  -DHAVE_TBB -I'/home/runner/R-patched/lib/Rcpp/include' -I/usr/local/include    -fpic  -O2 -mtune=native -Wno-ignored-attributes -D__MUSL__   -c arith.cpp -o arith.o
g++ -std=gnu++17 -I"/home/runner/R-patched/build/include" -DNDEBUG -I/usr/include/webp -DHAVE_PROJ_H -I/usr/include -I/usr/include  -DHAVE_TBB -I'/home/runner/R-patched/lib/Rcpp/include' -I/usr/local/include    -fpic  -O2 -mtune=native -Wno-ignored-attributes -D__MUSL__   -c crs.cpp -o crs.o
g++ -std=gnu++17 -I"/home/runner/R-patched/build/include" -DNDEBUG -I/usr/include/webp -DHAVE_PROJ_H -I/usr/include -I/usr/include  -DHAVE_TBB -I'/home/runner/R-patched/lib/Rcpp/include' -I/usr/local/include    -fpic  -O2 -mtune=native -Wno-ignored-attributes -D__MUSL__   -c distRaster.cpp -o distRaster.o
g++ -std=gnu++17 -I"/home/runner/R-patched/build/include" -DNDEBUG -I/usr/include/webp -DHAVE_PROJ_H -I/usr/include -I/usr/include  -DHAVE_TBB -I'/home/runner/R-patched/lib/Rcpp/include' -I/usr/local/include    -fpic  -O2 -mtune=native -Wno-ignored-attributes -D__MUSL__   -c distValueRaster.cpp -o distValueRaster.o
g++ -std=gnu++17 -I"/home/runner/R-patched/build/include" -DNDEBUG -I/usr/include/webp -DHAVE_PROJ_H -I/usr/include -I/usr/include  -DHAVE_TBB -I'/home/runner/R-patched/lib/Rcpp/include' -I/usr/local/include    -fpic  -O2 -mtune=native -Wno-ignored-attributes -D__MUSL__   -c distVector.cpp -o distVector.o
g++ -std=gnu++17 -I"/home/runner/R-patched/build/include" -DNDEBUG -I/usr/include/webp -DHAVE_PROJ_H -I/usr/include -I/usr/include  -DHAVE_TBB -I'/home/runner/R-patched/lib/Rcpp/include' -I/usr/local/include    -fpic  -O2 -mtune=native -Wno-ignored-attributes -D__MUSL__   -c distance.cpp -o distance.o
g++ -std=gnu++17 -I"/home/runner/R-patched/build/include" -DNDEBUG -I/usr/include/webp -DHAVE_PROJ_H -I/usr/include -I/usr/include  -DHAVE_TBB -I'/home/runner/R-patched/lib/Rcpp/include' -I/usr/local/include    -fpic  -O2 -mtune=native -Wno-ignored-attributes -D__MUSL__   -c extract.cpp -o extract.o
g++ -std=gnu++17 -I"/home/runner/R-patched/build/include" -DNDEBUG -I/usr/include/webp -DHAVE_PROJ_H -I/usr/include -I/usr/include  -DHAVE_TBB -I'/home/runner/R-patched/lib/Rcpp/include' -I/usr/local/include    -fpic  -O2 -mtune=native -Wno-ignored-attributes -D__MUSL__   -c file_utils.cpp -o file_utils.o
g++ -std=gnu++17 -I"/home/runner/R-patched/build/include" -DNDEBUG -I/usr/include/webp -DHAVE_PROJ_H -I/usr/include -I/usr/include  -DHAVE_TBB -I'/home/runner/R-patched/lib/Rcpp/include' -I/usr/local/include    -fpic  -O2 -mtune=native -Wno-ignored-attributes -D__MUSL__   -c focal.cpp -o focal.o
g++ -std=gnu++17 -I"/home/runner/R-patched/build/include" -DNDEBUG -I/usr/include/webp -DHAVE_PROJ_H -I/usr/include -I/usr/include  -DHAVE_TBB -I'/home/runner/R-patched/lib/Rcpp/include' -I/usr/local/include    -fpic  -O2 -mtune=native -Wno-ignored-attributes -D__MUSL__   -c gcp.cpp -o gcp.o
g++ -std=gnu++17 -I"/home/runner/R-patched/build/include" -DNDEBUG -I/usr/include/webp -DHAVE_PROJ_H -I/usr/include -I/usr/include  -DHAVE_TBB -I'/home/runner/R-patched/lib/Rcpp/include' -I/usr/local/include    -fpic  -O2 -mtune=native -Wno-ignored-attributes -D__MUSL__   -c gdal_algs.cpp -o gdal_algs.o
g++ -std=gnu++17 -I"/home/runner/R-patched/build/include" -DNDEBUG -I/usr/include/webp -DHAVE_PROJ_H -I/usr/include -I/usr/include  -DHAVE_TBB -I'/home/runner/R-patched/lib/Rcpp/include' -I/usr/local/include    -fpic  -O2 -mtune=native -Wno-ignored-attributes -D__MUSL__   -c gdal_multidimensional.cpp -o gdal_multidimensional.o
g++ -std=gnu++17 -I"/home/runner/R-patched/build/include" -DNDEBUG -I/usr/include/webp -DHAVE_PROJ_H -I/usr/include -I/usr/include  -DHAVE_TBB -I'/home/runner/R-patched/lib/Rcpp/include' -I/usr/local/include    -fpic  -O2 -mtune=native -Wno-ignored-attributes -D__MUSL__   -c gdalio.cpp -o gdalio.o
gcc -std=gnu23 -I"/home/runner/R-patched/build/include" -DNDEBUG -I/usr/include/webp -DHAVE_PROJ_H -I/usr/include -I/usr/include  -DHAVE_TBB -I'/home/runner/R-patched/lib/Rcpp/include' -I/usr/local/include    -fpic  -O2 -mtune=native  -c geodesic.c -o geodesic.o
g++ -std=gnu++17 -I"/home/runner/R-patched/build/include" -DNDEBUG -I/usr/include/webp -DHAVE_PROJ_H -I/usr/include -I/usr/include  -DHAVE_TBB -I'/home/runner/R-patched/lib/Rcpp/include' -I/usr/local/include    -fpic  -O2 -mtune=native -Wno-ignored-attributes -D__MUSL__   -c geos_methods.cpp -o geos_methods.o
g++ -std=gnu++17 -I"/home/runner/R-patched/build/include" -DNDEBUG -I/usr/include/webp -DHAVE_PROJ_H -I/usr/include -I/usr/include  -DHAVE_TBB -I'/home/runner/R-patched/lib/Rcpp/include' -I/usr/local/include    -fpic  -O2 -mtune=native -Wno-ignored-attributes -D__MUSL__   -c geosphere.cpp -o geosphere.o
g++ -std=gnu++17 -I"/home/runner/R-patched/build/include" -DNDEBUG -I/usr/include/webp -DHAVE_PROJ_H -I/usr/include -I/usr/include  -DHAVE_TBB -I'/home/runner/R-patched/lib/Rcpp/include' -I/usr/local/include    -fpic  -O2 -mtune=native -Wno-ignored-attributes -D__MUSL__   -c math_utils.cpp -o math_utils.o
g++ -std=gnu++17 -I"/home/runner/R-patched/build/include" -DNDEBUG -I/usr/include/webp -DHAVE_PROJ_H -I/usr/include -I/usr/include  -DHAVE_TBB -I'/home/runner/R-patched/lib/Rcpp/include' -I/usr/local/include    -fpic  -O2 -mtune=native -Wno-ignored-attributes -D__MUSL__   -c mediancut.cpp -o mediancut.o
g++ -std=gnu++17 -I"/home/runner/R-patched/build/include" -DNDEBUG -I/usr/include/webp -DHAVE_PROJ_H -I/usr/include -I/usr/include  -DHAVE_TBB -I'/home/runner/R-patched/lib/Rcpp/include' -I/usr/local/include    -fpic  -O2 -mtune=native -Wno-ignored-attributes -D__MUSL__   -c memory.cpp -o memory.o
g++ -std=gnu++17 -I"/home/runner/R-patched/build/include" -DNDEBUG -I/usr/include/webp -DHAVE_PROJ_H -I/usr/include -I/usr/include  -DHAVE_TBB -I'/home/runner/R-patched/lib/Rcpp/include' -I/usr/local/include    -fpic  -O2 -mtune=native -Wno-ignored-attributes -D__MUSL__   -c movingWindow.cpp -o movingWindow.o
g++ -std=gnu++17 -I"/home/runner/R-patched/build/include" -DNDEBUG -I/usr/include/webp -DHAVE_PROJ_H -I/usr/include -I/usr/include  -DHAVE_TBB -I'/home/runner/R-patched/lib/Rcpp/include' -I/usr/local/include    -fpic  -O2 -mtune=native -Wno-ignored-attributes -D__MUSL__   -c ncdf.cpp -o ncdf.o
g++ -std=gnu++17 -I"/home/runner/R-patched/build/include" -DNDEBUG -I/usr/include/webp -DHAVE_PROJ_H -I/usr/include -I/usr/include  -DHAVE_TBB -I'/home/runner/R-patched/lib/Rcpp/include' -I/usr/local/include    -fpic  -O2 -mtune=native -Wno-ignored-attributes -D__MUSL__   -c nearest.cpp -o nearest.o
g++ -std=gnu++17 -I"/home/runner/R-patched/build/include" -DNDEBUG -I/usr/include/webp -DHAVE_PROJ_H -I/usr/include -I/usr/include  -DHAVE_TBB -I'/home/runner/R-patched/lib/Rcpp/include' -I/usr/local/include    -fpic  -O2 -mtune=native -Wno-ignored-attributes -D__MUSL__   -c patches.cpp -o patches.o
g++ -std=gnu++17 -I"/home/runner/R-patched/build/include" -DNDEBUG -I/usr/include/webp -DHAVE_PROJ_H -I/usr/include -I/usr/include  -DHAVE_TBB -I'/home/runner/R-patched/lib/Rcpp/include' -I/usr/local/include    -fpic  -O2 -mtune=native -Wno-ignored-attributes -D__MUSL__   -c ram.cpp -o ram.o
g++ -std=gnu++17 -I"/home/runner/R-patched/build/include" -DNDEBUG -I/usr/include/webp -DHAVE_PROJ_H -I/usr/include -I/usr/include  -DHAVE_TBB -I'/home/runner/R-patched/lib/Rcpp/include' -I/usr/local/include    -fpic  -O2 -mtune=native -Wno-ignored-attributes -D__MUSL__   -c raster_methods.cpp -o raster_methods.o
g++ -std=gnu++17 -I"/home/runner/R-patched/build/include" -DNDEBUG -I/usr/include/webp -DHAVE_PROJ_H -I/usr/include -I/usr/include  -DHAVE_TBB -I'/home/runner/R-patched/lib/Rcpp/include' -I/usr/local/include    -fpic  -O2 -mtune=native -Wno-ignored-attributes -D__MUSL__   -c raster_stats.cpp -o raster_stats.o
g++ -std=gnu++17 -I"/home/runner/R-patched/build/include" -DNDEBUG -I/usr/include/webp -DHAVE_PROJ_H -I/usr/include -I/usr/include  -DHAVE_TBB -I'/home/runner/R-patched/lib/Rcpp/include' -I/usr/local/include    -fpic  -O2 -mtune=native -Wno-ignored-attributes -D__MUSL__   -c rasterize.cpp -o rasterize.o
g++ -std=gnu++17 -I"/home/runner/R-patched/build/include" -DNDEBUG -I/usr/include/webp -DHAVE_PROJ_H -I/usr/include -I/usr/include  -DHAVE_TBB -I'/home/runner/R-patched/lib/Rcpp/include' -I/usr/local/include    -fpic  -O2 -mtune=native -Wno-ignored-attributes -D__MUSL__   -c read.cpp -o read.o
g++ -std=gnu++17 -I"/home/runner/R-patched/build/include" -DNDEBUG -I/usr/include/webp -DHAVE_PROJ_H -I/usr/include -I/usr/include  -DHAVE_TBB -I'/home/runner/R-patched/lib/Rcpp/include' -I/usr/local/include    -fpic  -O2 -mtune=native -Wno-ignored-attributes -D__MUSL__   -c read_gdal.cpp -o read_gdal.o
g++ -std=gnu++17 -I"/home/runner/R-patched/build/include" -DNDEBUG -I/usr/include/webp -DHAVE_PROJ_H -I/usr/include -I/usr/include  -DHAVE_TBB -I'/home/runner/R-patched/lib/Rcpp/include' -I/usr/local/include    -fpic  -O2 -mtune=native -Wno-ignored-attributes -D__MUSL__   -c read_ogr.cpp -o read_ogr.o
g++ -std=gnu++17 -I"/home/runner/R-patched/build/include" -DNDEBUG -I/usr/include/webp -DHAVE_PROJ_H -I/usr/include -I/usr/include  -DHAVE_TBB -I'/home/runner/R-patched/lib/Rcpp/include' -I/usr/local/include    -fpic  -O2 -mtune=native -Wno-ignored-attributes -D__MUSL__   -c sample.cpp -o sample.o
g++ -std=gnu++17 -I"/home/runner/R-patched/build/include" -DNDEBUG -I/usr/include/webp -DHAVE_PROJ_H -I/usr/include -I/usr/include  -DHAVE_TBB -I'/home/runner/R-patched/lib/Rcpp/include' -I/usr/local/include    -fpic  -O2 -mtune=native -Wno-ignored-attributes -D__MUSL__   -c sort.cpp -o sort.o
g++ -std=gnu++17 -I"/home/runner/R-patched/build/include" -DNDEBUG -I/usr/include/webp -DHAVE_PROJ_H -I/usr/include -I/usr/include  -DHAVE_TBB -I'/home/runner/R-patched/lib/Rcpp/include' -I/usr/local/include    -fpic  -O2 -mtune=native -Wno-ignored-attributes -D__MUSL__   -c spatBase.cpp -o spatBase.o
g++ -std=gnu++17 -I"/home/runner/R-patched/build/include" -DNDEBUG -I/usr/include/webp -DHAVE_PROJ_H -I/usr/include -I/usr/include  -DHAVE_TBB -I'/home/runner/R-patched/lib/Rcpp/include' -I/usr/local/include    -fpic  -O2 -mtune=native -Wno-ignored-attributes -D__MUSL__   -c spatDataframe.cpp -o spatDataframe.o
g++ -std=gnu++17 -I"/home/runner/R-patched/build/include" -DNDEBUG -I/usr/include/webp -DHAVE_PROJ_H -I/usr/include -I/usr/include  -DHAVE_TBB -I'/home/runner/R-patched/lib/Rcpp/include' -I/usr/local/include    -fpic  -O2 -mtune=native -Wno-ignored-attributes -D__MUSL__   -c spatFactor.cpp -o spatFactor.o
g++ -std=gnu++17 -I"/home/runner/R-patched/build/include" -DNDEBUG -I/usr/include/webp -DHAVE_PROJ_H -I/usr/include -I/usr/include  -DHAVE_TBB -I'/home/runner/R-patched/lib/Rcpp/include' -I/usr/local/include    -fpic  -O2 -mtune=native -Wno-ignored-attributes -D__MUSL__   -c spatRaster.cpp -o spatRaster.o
g++ -std=gnu++17 -I"/home/runner/R-patched/build/include" -DNDEBUG -I/usr/include/webp -DHAVE_PROJ_H -I/usr/include -I/usr/include  -DHAVE_TBB -I'/home/runner/R-patched/lib/Rcpp/include' -I/usr/local/include    -fpic  -O2 -mtune=native -Wno-ignored-attributes -D__MUSL__   -c spatRasterMultiple.cpp -o spatRasterMultiple.o
g++ -std=gnu++17 -I"/home/runner/R-patched/build/include" -DNDEBUG -I/usr/include/webp -DHAVE_PROJ_H -I/usr/include -I/usr/include  -DHAVE_TBB -I'/home/runner/R-patched/lib/Rcpp/include' -I/usr/local/include    -fpic  -O2 -mtune=native -Wno-ignored-attributes -D__MUSL__   -c spatSources.cpp -o spatSources.o
g++ -std=gnu++17 -I"/home/runner/R-patched/build/include" -DNDEBUG -I/usr/include/webp -DHAVE_PROJ_H -I/usr/include -I/usr/include  -DHAVE_TBB -I'/home/runner/R-patched/lib/Rcpp/include' -I/usr/local/include    -fpic  -O2 -mtune=native -Wno-ignored-attributes -D__MUSL__   -c spatTime.cpp -o spatTime.o
g++ -std=gnu++17 -I"/home/runner/R-patched/build/include" -DNDEBUG -I/usr/include/webp -DHAVE_PROJ_H -I/usr/include -I/usr/include  -DHAVE_TBB -I'/home/runner/R-patched/lib/Rcpp/include' -I/usr/local/include    -fpic  -O2 -mtune=native -Wno-ignored-attributes -D__MUSL__   -c spatVector.cpp -o spatVector.o
g++ -std=gnu++17 -I"/home/runner/R-patched/build/include" -DNDEBUG -I/usr/include/webp -DHAVE_PROJ_H -I/usr/include -I/usr/include  -DHAVE_TBB -I'/home/runner/R-patched/lib/Rcpp/include' -I/usr/local/include    -fpic  -O2 -mtune=native -Wno-ignored-attributes -D__MUSL__   -c spatVector2.cpp -o spatVector2.o
g++ -std=gnu++17 -I"/home/runner/R-patched/build/include" -DNDEBUG -I/usr/include/webp -DHAVE_PROJ_H -I/usr/include -I/usr/include  -DHAVE_TBB -I'/home/runner/R-patched/lib/Rcpp/include' -I/usr/local/include    -fpic  -O2 -mtune=native -Wno-ignored-attributes -D__MUSL__   -c string_utils.cpp -o string_utils.o
g++ -std=gnu++17 -I"/home/runner/R-patched/build/include" -DNDEBUG -I/usr/include/webp -DHAVE_PROJ_H -I/usr/include -I/usr/include  -DHAVE_TBB -I'/home/runner/R-patched/lib/Rcpp/include' -I/usr/local/include    -fpic  -O2 -mtune=native -Wno-ignored-attributes -D__MUSL__   -c surfArea.cpp -o surfArea.o
g++ -std=gnu++17 -I"/home/runner/R-patched/build/include" -DNDEBUG -I/usr/include/webp -DHAVE_PROJ_H -I/usr/include -I/usr/include  -DHAVE_TBB -I'/home/runner/R-patched/lib/Rcpp/include' -I/usr/local/include    -fpic  -O2 -mtune=native -Wno-ignored-attributes -D__MUSL__   -c table_utils.cpp -o table_utils.o
g++ -std=gnu++17 -I"/home/runner/R-patched/build/include" -DNDEBUG -I/usr/include/webp -DHAVE_PROJ_H -I/usr/include -I/usr/include  -DHAVE_TBB -I'/home/runner/R-patched/lib/Rcpp/include' -I/usr/local/include    -fpic  -O2 -mtune=native -Wno-ignored-attributes -D__MUSL__   -c vecmath.cpp -o vecmath.o
g++ -std=gnu++17 -I"/home/runner/R-patched/build/include" -DNDEBUG -I/usr/include/webp -DHAVE_PROJ_H -I/usr/include -I/usr/include  -DHAVE_TBB -I'/home/runner/R-patched/lib/Rcpp/include' -I/usr/local/include    -fpic  -O2 -mtune=native -Wno-ignored-attributes -D__MUSL__   -c vecmathse.cpp -o vecmathse.o
g++ -std=gnu++17 -I"/home/runner/R-patched/build/include" -DNDEBUG -I/usr/include/webp -DHAVE_PROJ_H -I/usr/include -I/usr/include  -DHAVE_TBB -I'/home/runner/R-patched/lib/Rcpp/include' -I/usr/local/include    -fpic  -O2 -mtune=native -Wno-ignored-attributes -D__MUSL__   -c vector_methods.cpp -o vector_methods.o
g++ -std=gnu++17 -I"/home/runner/R-patched/build/include" -DNDEBUG -I/usr/include/webp -DHAVE_PROJ_H -I/usr/include -I/usr/include  -DHAVE_TBB -I'/home/runner/R-patched/lib/Rcpp/include' -I/usr/local/include    -fpic  -O2 -mtune=native -Wno-ignored-attributes -D__MUSL__   -c watershed_internal.cpp -o watershed_internal.o
g++ -std=gnu++17 -I"/home/runner/R-patched/build/include" -DNDEBUG -I/usr/include/webp -DHAVE_PROJ_H -I/usr/include -I/usr/include  -DHAVE_TBB -I'/home/runner/R-patched/lib/Rcpp/include' -I/usr/local/include    -fpic  -O2 -mtune=native -Wno-ignored-attributes -D__MUSL__   -c write.cpp -o write.o
g++ -std=gnu++17 -I"/home/runner/R-patched/build/include" -DNDEBUG -I/usr/include/webp -DHAVE_PROJ_H -I/usr/include -I/usr/include  -DHAVE_TBB -I'/home/runner/R-patched/lib/Rcpp/include' -I/usr/local/include    -fpic  -O2 -mtune=native -Wno-ignored-attributes -D__MUSL__   -c write_gdal.cpp -o write_gdal.o
g++ -std=gnu++17 -I"/home/runner/R-patched/build/include" -DNDEBUG -I/usr/include/webp -DHAVE_PROJ_H -I/usr/include -I/usr/include  -DHAVE_TBB -I'/home/runner/R-patched/lib/Rcpp/include' -I/usr/local/include    -fpic  -O2 -mtune=native -Wno-ignored-attributes -D__MUSL__   -c write_ogr.cpp -o write_ogr.o
g++ -std=gnu++17 -shared -L/usr/local/lib -o terra.so RcppExports.o RcppFunctions.o RcppModule.o arith.o crs.o distRaster.o distValueRaster.o distVector.o distance.o extract.o file_utils.o focal.o gcp.o gdal_algs.o gdal_multidimensional.o gdalio.o geodesic.o geos_methods.o geosphere.o math_utils.o mediancut.o memory.o movingWindow.o ncdf.o nearest.o patches.o ram.o raster_methods.o raster_stats.o rasterize.o read.o read_gdal.o read_ogr.o sample.o sort.o spatBase.o spatDataframe.o spatFactor.o spatRaster.o spatRasterMultiple.o spatSources.o spatTime.o spatVector.o spatVector2.o string_utils.o surfArea.o table_utils.o vecmath.o vecmathse.o vector_methods.o watershed_internal.o write.o write_gdal.o write_ogr.o -ltbb -lproj -L/usr/lib -lgdal -L/usr/lib -lgeos_c
make[1]: Leaving directory '/var/local/PKGS/CRAN/terra/src'
make[1]: Entering directory '/var/local/PKGS/CRAN/terra/src'
make[1]: Leaving directory '/var/local/PKGS/CRAN/terra/src'
installing to /home/runner/R-patched/lib/00LOCK-terra/00new/terra/libs
** R
** inst
** byte-compile and prepare package for lazy loading
in method for 'sds' with signature 'x="stars"': no definition for class "stars"
in method for 'sds' with signature 'x="stars_proxy"': no definition for class "stars_proxy"
in method for 'svc' with signature 'x="sf"': no definition for class "sf"
in method for 'coerce' with signature '"stars","SpatRasterDataset"': no definition for class "stars"
in method for 'coerce' with signature '"ggmap","SpatRaster"': no definition for class "ggmap"
in method for 'coerce' with signature '"sf","SpatRaster"': no definition for class "sf"
in method for 'coerce' with signature '"sf","SpatVector"': no definition for class "sf"
in method for 'coerce' with signature '"sfc","SpatVector"': no definition for class "sfc"
in method for 'coerce' with signature '"sfg","SpatVector"': no definition for class "sfg"
in method for 'coerce' with signature '"XY","SpatVector"': no definition for class "XY"
in method for 'coerce' with signature '"im","SpatRaster"': no definition for class "im"
in method for 'coerce' with signature '"SpatVector","Spatial"': no definition for class "Spatial"
in method for 'coerce' with signature '"Spatial","SpatVector"': no definition for class "Spatial"
in method for 'coerce' with signature '"SpatialGrid","SpatRaster"': no definition for class "SpatialGrid"
in method for 'coerce' with signature '"SpatialPixels","SpatRaster"': no definition for class "SpatialPixels"
in method for 'crs' with signature '"sf"': no definition for class "sf"
Creating a generic function for 'ncol' from package 'base' in package 'terra'
in method for 'distance' with signature 'x="SpatRaster",y="sf"': no definition for class "sf"
in method for 'ext' with signature 'x="sf"': no definition for class "sf"
in method for 'ext' with signature 'x="bbox"': no definition for class "bbox"
in method for 'ext' with signature 'x="Extent"': no definition for class "Extent"
in method for 'ext' with signature 'x="Raster"': no definition for class "Raster"
in method for 'ext' with signature 'x="Spatial"': no definition for class "Spatial"
in method for 'extract' with signature 'x="SpatRaster",y="sf"': no definition for class "sf"
in method for 'mask' with signature 'x="SpatRaster",mask="sf"': no definition for class "sf"
in method for 'points' with signature 'x="sf"': no definition for class "sf"
in method for 'lines' with signature 'x="sf"': no definition for class "sf"
in method for 'polys' with signature 'x="sf"': no definition for class "sf"
in method for 'polys' with signature 'x="leaflet"': no definition for class "leaflet"
in method for 'lines' with signature 'x="leaflet"': no definition for class "leaflet"
in method for 'points' with signature 'x="leaflet"': no definition for class "leaflet"
in method for 'rast' with signature 'x="stars"': no definition for class "stars"
in method for 'rast' with signature 'x="stars_proxy"': no definition for class "stars_proxy"
in method for 'rasterize' with signature 'x="sf",y="SpatRaster"': no definition for class "sf"
Creating a generic function for 'rowSums' from package 'base' in package 'terra'
Creating a generic function for 'colSums' from package 'base' in package 'terra'
Creating a generic function for 'rowMeans' from package 'base' in package 'terra'
Creating a generic function for 'colMeans' from package 'base' in package 'terra'
in method for 'show' with signature '"Rcpp_SpatDataFrame"': no definition for class "Rcpp_SpatDataFrame"
in method for 'show' with signature '"Rcpp_SpatCategories"': no definition for class "Rcpp_SpatCategories"
in method for 'geomtype' with signature 'x="Spatial"': no definition for class "Spatial"
Creating a generic function for 'identical' from package 'base' in package 'terra'
in method for 'vect' with signature 'x="Spatial"': no definition for class "Spatial"
in method for 'vect' with signature 'x="sf"': no definition for class "sf"
in method for 'vect' with signature 'x="sfc"': no definition for class "sfc"
in method for 'vect' with signature 'x="XY"': no definition for class "XY"
Creating a generic function for 'unserialize' from package 'base' in package 'terra'
Creating a generic function for 'readRDS' from package 'base' in package 'terra'
** help
*** installing help indices
*** copying figures
** building package indices
** testing if installed package can be loaded from temporary location
Error: package or namespace load failed for 'terra' in dyn.load(file, DLLpath = DLLpath, ...):
 unable to load shared object '/home/runner/R-patched/lib/00LOCK-terra/00new/terra/libs/terra.so':
  Error relocating /home/runner/R-patched/lib/00LOCK-terra/00new/terra/libs/terra.so: nc_open: symbol not found
Error: loading failed
Execution halted
ERROR: loading failed
* removing '/home/runner/R-patched/lib/terra'
* restoring previous '/home/runner/R-patched/lib/terra'
