* installing to library '/home/runner/R-patched/lib'
* installing *source* package 'tiledb' ...
** this is package 'tiledb' version '0.33.0'
** package 'tiledb' successfully unpacked and MD5 sums checked
** using staged installation
checking whether the C++ compiler works... yes
checking for C++ compiler default output file name... a.out
checking for suffix of executables... 
checking whether we are cross compiling... no
checking for suffix of object files... o
checking whether the compiler supports GNU C++... yes
checking whether g++ -std=gnu++17 accepts -g... yes
checking for g++ -std=gnu++17 option to enable C++11 features... none needed
checking how to run the C++ preprocessor... g++ -std=gnu++17 -E
checking whether the compiler supports GNU C++... (cached) yes
checking whether g++ -std=gnu++17 accepts -g... (cached) yes
checking for g++ -std=gnu++17 option to enable C++11 features... (cached) none needed
checking whether g++ -std=gnu++17 supports C++17 features by default... yes
checking for pkg-config... /usr/bin/pkg-config
checking if pkg-config knows TileDB... no
checking for stdio.h... yes
checking for stdlib.h... yes
checking for string.h... yes
checking for inttypes.h... yes
checking for stdint.h... yes
checking for strings.h... yes
checking for sys/stat.h... yes
checking for sys/types.h... yes
checking for unistd.h... yes
checking for filesystem... yes
checking for tiledb/tiledb... no
downloading x86_64 TileDB library...
installing TileDB for Alpine Linux:3.22.3...
downloading https://github.com/TileDB-Inc/TileDB/releases/download/2.29.0/tiledb-linux-x86_64-noavx2-2.29.0-958e736.tar.gz 
using inst/tiledb/{lib,include}
configure: creating ./config.status
config.status: creating src/Makevars
** libs
using C compiler: 'gcc (Alpine 14.2.0) 14.2.0'
using C++ compiler: 'g++ (Alpine 14.2.0) 14.2.0'
using C++17
make[1]: Entering directory '/var/local/PKGS/CRAN/tiledb/src'
g++ -std=gnu++17 -I"/home/runner/R-patched/build/include" -DNDEBUG -I. -I../inst/include/  -I../inst/tiledb/include   -DTILEDB_SILENT_BUILD  -I'/home/runner/R-patched/lib/Rcpp/include' -I'/home/runner/R-patched/lib/RcppInt64/include' -I'/home/runner/R-patched/lib/nanoarrow/include' -I/usr/local/include    -fpic  -O2 -mtune=native -Wno-ignored-attributes   -c RcppExports.cpp -o RcppExports.o
g++ -std=gnu++17 -I"/home/runner/R-patched/build/include" -DNDEBUG -I. -I../inst/include/  -I../inst/tiledb/include   -DTILEDB_SILENT_BUILD  -I'/home/runner/R-patched/lib/Rcpp/include' -I'/home/runner/R-patched/lib/RcppInt64/include' -I'/home/runner/R-patched/lib/nanoarrow/include' -I/usr/local/include    -fpic  -O2 -mtune=native -Wno-ignored-attributes   -c arrowio.cpp -o arrowio.o
g++ -std=gnu++17 -I"/home/runner/R-patched/build/include" -DNDEBUG -I. -I../inst/include/  -I../inst/tiledb/include   -DTILEDB_SILENT_BUILD  -I'/home/runner/R-patched/lib/Rcpp/include' -I'/home/runner/R-patched/lib/RcppInt64/include' -I'/home/runner/R-patched/lib/nanoarrow/include' -I/usr/local/include    -fpic  -O2 -mtune=native -Wno-ignored-attributes   -c batched.cpp -o batched.o
g++ -std=gnu++17 -I"/home/runner/R-patched/build/include" -DNDEBUG -I. -I../inst/include/  -I../inst/tiledb/include   -DTILEDB_SILENT_BUILD  -I'/home/runner/R-patched/lib/Rcpp/include' -I'/home/runner/R-patched/lib/RcppInt64/include' -I'/home/runner/R-patched/lib/nanoarrow/include' -I/usr/local/include    -fpic  -O2 -mtune=native -Wno-ignored-attributes   -c column_buffer.cpp -o column_buffer.o
g++ -std=gnu++17 -I"/home/runner/R-patched/build/include" -DNDEBUG -I. -I../inst/include/  -I../inst/tiledb/include   -DTILEDB_SILENT_BUILD  -I'/home/runner/R-patched/lib/Rcpp/include' -I'/home/runner/R-patched/lib/RcppInt64/include' -I'/home/runner/R-patched/lib/nanoarrow/include' -I/usr/local/include    -fpic  -O2 -mtune=native -Wno-ignored-attributes   -c deprecation.cpp -o deprecation.o
g++ -std=gnu++17 -I"/home/runner/R-patched/build/include" -DNDEBUG -I. -I../inst/include/  -I../inst/tiledb/include   -DTILEDB_SILENT_BUILD  -I'/home/runner/R-patched/lib/Rcpp/include' -I'/home/runner/R-patched/lib/RcppInt64/include' -I'/home/runner/R-patched/lib/nanoarrow/include' -I/usr/local/include    -fpic  -O2 -mtune=native -Wno-ignored-attributes   -c durations.cpp -o durations.o
g++ -std=gnu++17 -I"/home/runner/R-patched/build/include" -DNDEBUG -I. -I../inst/include/  -I../inst/tiledb/include   -DTILEDB_SILENT_BUILD  -I'/home/runner/R-patched/lib/Rcpp/include' -I'/home/runner/R-patched/lib/RcppInt64/include' -I'/home/runner/R-patched/lib/nanoarrow/include' -I/usr/local/include    -fpic  -O2 -mtune=native -Wno-ignored-attributes   -c libtiledb.cpp -o libtiledb.o
gcc -std=gnu23 -I"/home/runner/R-patched/build/include" -DNDEBUG -I. -I../inst/include/  -I../inst/tiledb/include   -DTILEDB_SILENT_BUILD  -I'/home/runner/R-patched/lib/Rcpp/include' -I'/home/runner/R-patched/lib/RcppInt64/include' -I'/home/runner/R-patched/lib/nanoarrow/include' -I/usr/local/include    -fpic  -O2 -mtune=native  -c nanoarrow.c -o nanoarrow.o
g++ -std=gnu++17 -I"/home/runner/R-patched/build/include" -DNDEBUG -I. -I../inst/include/  -I../inst/tiledb/include   -DTILEDB_SILENT_BUILD  -I'/home/runner/R-patched/lib/Rcpp/include' -I'/home/runner/R-patched/lib/RcppInt64/include' -I'/home/runner/R-patched/lib/nanoarrow/include' -I/usr/local/include    -fpic  -O2 -mtune=native -Wno-ignored-attributes   -c nullable.cpp -o nullable.o
g++ -std=gnu++17 -I"/home/runner/R-patched/build/include" -DNDEBUG -I. -I../inst/include/  -I../inst/tiledb/include   -DTILEDB_SILENT_BUILD  -I'/home/runner/R-patched/lib/Rcpp/include' -I'/home/runner/R-patched/lib/RcppInt64/include' -I'/home/runner/R-patched/lib/nanoarrow/include' -I/usr/local/include    -fpic  -O2 -mtune=native -Wno-ignored-attributes   -c shmem.cpp -o shmem.o
g++ -std=gnu++17 -I"/home/runner/R-patched/build/include" -DNDEBUG -I. -I../inst/include/  -I../inst/tiledb/include   -DTILEDB_SILENT_BUILD  -I'/home/runner/R-patched/lib/Rcpp/include' -I'/home/runner/R-patched/lib/RcppInt64/include' -I'/home/runner/R-patched/lib/nanoarrow/include' -I/usr/local/include    -fpic  -O2 -mtune=native -Wno-ignored-attributes   -c virtualfile.cpp -o virtualfile.o
gcc -std=gnu23 -I"/home/runner/R-patched/build/include" -DNDEBUG -I. -I../inst/include/  -I../inst/tiledb/include   -DTILEDB_SILENT_BUILD  -I'/home/runner/R-patched/lib/Rcpp/include' -I'/home/runner/R-patched/lib/RcppInt64/include' -I'/home/runner/R-patched/lib/nanoarrow/include' -I/usr/local/include    -fpic  -O2 -mtune=native  -c connection/connection.c -o connection/connection.o
g++ -std=gnu++17 -shared -L/usr/local/lib -o tiledb.so RcppExports.o arrowio.o batched.o column_buffer.o deprecation.o durations.o libtiledb.o nanoarrow.o nullable.o shmem.o virtualfile.o -ltiledb -L../inst/tiledb/lib -Wl,-rpath,$ORIGIN/../tiledb/lib
make[1]: Leaving directory '/var/local/PKGS/CRAN/tiledb/src'
make[1]: Entering directory '/var/local/PKGS/CRAN/tiledb/src'
make[1]: Leaving directory '/var/local/PKGS/CRAN/tiledb/src'
installing to /home/runner/R-patched/lib/00LOCK-tiledb/00new/tiledb/libs
** R
** inst
** byte-compile and prepare package for lazy loading
** help
*** installing help indices
** building package indices
** installing vignettes
make[1]: Entering directory '/var/local/PKGS/CRAN/tiledb/src'
make[1]: Leaving directory '/var/local/PKGS/CRAN/tiledb/src'
** testing if installed package can be loaded from temporary location
Error: package or namespace load failed for 'tiledb' in dyn.load(file, DLLpath = DLLpath, ...):
 unable to load shared object '/home/runner/R-patched/lib/00LOCK-tiledb/00new/tiledb/libs/tiledb.so':
  Error loading shared library ld-linux-x86-64.so.2: No such file or directory (needed by /home/runner/R-patched/lib/00LOCK-tiledb/00new/tiledb/libs/../tiledb/lib/libtiledb.so.2.29)
Error: loading failed
Execution halted
ERROR: loading failed
* removing '/home/runner/R-patched/lib/tiledb'
