* installing to library '/home/runner/R-patched/lib'
* installing *source* package 'Uno' ...
** this is package 'Uno' version '2.7.3'
** package 'Uno' successfully unpacked and MD5 sums checked
** using staged installation
MUMPS headers (rmumps): /home/runner/R-patched/lib/rmumps/include
R was not built as a library

CMAKE VERSION:    'cmake version 3.31.7'
CC:               'gcc -std=gnu23'
CXX:              'g++'
HIGHS_SRC_DIR:    '/var/local/PKGS/CRAN/Uno/inst/HiGHS'
HIGHS_INSTALL_DIR:'/var/local/PKGS/CRAN/Uno/src/highslib'

-- The CXX compiler identification is GNU 14.2.0
-- The C compiler identification is GNU 14.2.0
-- Detecting CXX compiler ABI info
-- Detecting CXX compiler ABI info - done
-- Check for working CXX compiler: /usr/bin/g++ - skipped
-- Detecting CXX compile features
-- Detecting CXX compile features - done
-- Detecting C compiler ABI info
-- Detecting C compiler ABI info - done
-- Check for working C compiler: /usr/bin/gcc - skipped
-- Detecting C compile features
-- Detecting C compile features - done
-- HIGHS version: 1.14.0
-- Git hash: n/a
-- Build C++ library: ON
-- Build C++ executable: OFF
-- Build Fortran: OFF
-- Build CSharp: OFF
-- Build Python: OFF
-- Build all tests: OFF
-- ZLIB: OFF
-- Build examples: OFF
-- Build pdlp with GPU: OFF
-- Use FindCUDAConf: OFF
-- Build GPU with delayed loading: OFF
-- Build HIPO: OFF
-- Build OpenBLAS: OFF
-- Build type: Release
-- Looking for C++ include sys/types.h
-- Looking for C++ include sys/types.h - found
-- Looking for C++ include stdint.h
-- Looking for C++ include stdint.h - found
-- Looking for C++ include stddef.h
-- Looking for C++ include stddef.h - found
-- Check size of long
-- Check size of long - done
-- Found long size: 8
-- Check size of long long
-- Check size of long long - done
-- Found long long size: 8
-- Check size of int64_t
-- Check size of int64_t - done
-- Found int64_t size: 8
-- Check size of unsigned long
-- Check size of unsigned long - done
-- Found unsigned long size: 8
-- Check size of unsigned long long
-- Check size of unsigned long long - done
-- Found unsigned long long size: 8
-- Check size of uint64_t
-- Check size of uint64_t - done
-- Found uint64_t size: 8
-- Check size of int *
-- Check size of int * - done
-- Found int * size: 8
-- IPO / LTO supported by compiler: YES
-- IPO / LTO: disabled by default when building a static library; set CMAKE_INTERPROCEDURAL_OPTIMIZATION=ON to enable
-- Performing Test HIGHS_HAVE_MM_PAUSE
-- Performing Test HIGHS_HAVE_MM_PAUSE - Success
-- Performing Test HIGHS_HAVE_BUILTIN_CLZ
-- Performing Test HIGHS_HAVE_BUILTIN_CLZ - Success
-- Performing Test COMPILER_SUPPORTS_POPCNT
-- Performing Test COMPILER_SUPPORTS_POPCNT - Success
-- FAST_BUILD set to on.
-- Build C++ example: OFF
-- Build CSharp example: OFF
-- Build dotnet package: OFF
-- Performing Test COMPILER_SUPPORTS_INVALID_OFFSET
-- Performing Test COMPILER_SUPPORTS_INVALID_OFFSET - Success
-- No CSharp support
-- Performing Test CMAKE_HAVE_LIBC_PTHREAD
-- Performing Test CMAKE_HAVE_LIBC_PTHREAD - Success
-- Found Threads: TRUE
-- Performing Test HAVE_CXX_ATOMICS_WITHOUT_LIB
-- Performing Test HAVE_CXX_ATOMICS_WITHOUT_LIB - Success
-- Performing Test HAVE_CXX_ATOMICS64_WITHOUT_LIB
-- Performing Test HAVE_CXX_ATOMICS64_WITHOUT_LIB - Success
-- Performing Test COMPILER_HAS_HIDDEN_VISIBILITY
-- Performing Test COMPILER_HAS_HIDDEN_VISIBILITY - Success
-- Performing Test COMPILER_HAS_HIDDEN_INLINE_VISIBILITY
-- Performing Test COMPILER_HAS_HIDDEN_INLINE_VISIBILITY - Success
-- Performing Test COMPILER_HAS_DEPRECATED_ATTR
-- Performing Test COMPILER_HAS_DEPRECATED_ATTR - Success
-- .Net: Use .Net Framework 2.1 support: OFF
-- Configuring done (5.6s)
-- Generating done (0.1s)
-- Build files have been written to: /var/local/PKGS/CRAN/Uno/highs_build
Change Dir: '/var/local/PKGS/CRAN/Uno/highs_build'

Run Build Command(s): /usr/bin/cmake -E env VERBOSE=1 /usr/bin/gmake -f Makefile -j2 install
gmake[1]: Entering directory '/var/local/PKGS/CRAN/Uno/highs_build'
/usr/bin/cmake -S/var/local/PKGS/CRAN/Uno/inst/HiGHS -B/var/local/PKGS/CRAN/Uno/highs_build --check-build-system CMakeFiles/Makefile.cmake 0
/usr/bin/cmake -E cmake_progress_start /var/local/PKGS/CRAN/Uno/highs_build/CMakeFiles /var/local/PKGS/CRAN/Uno/highs_build//CMakeFiles/progress.marks
make  -f CMakeFiles/Makefile2 all
make[2]: Entering directory '/var/local/PKGS/CRAN/Uno/highs_build'
make  -f highs/CMakeFiles/highs.dir/build.make highs/CMakeFiles/highs.dir/depend
make[3]: Entering directory '/var/local/PKGS/CRAN/Uno/highs_build'
cd /var/local/PKGS/CRAN/Uno/highs_build && /usr/bin/cmake -E cmake_depends "Unix Makefiles" /var/local/PKGS/CRAN/Uno/inst/HiGHS /var/local/PKGS/CRAN/Uno/inst/HiGHS/highs /var/local/PKGS/CRAN/Uno/highs_build /var/local/PKGS/CRAN/Uno/highs_build/highs /var/local/PKGS/CRAN/Uno/highs_build/highs/CMakeFiles/highs.dir/DependInfo.cmake "--color="
make[3]: Leaving directory '/var/local/PKGS/CRAN/Uno/highs_build'
make  -f highs/CMakeFiles/highs.dir/build.make highs/CMakeFiles/highs.dir/build
make[3]: Entering directory '/var/local/PKGS/CRAN/Uno/highs_build'
[  1%] Building CXX object highs/CMakeFiles/highs.dir/interfaces/highs_c_api.cpp.o
[  1%] Building CXX object highs/CMakeFiles/highs.dir/io/Filereader.cpp.o
cd /var/local/PKGS/CRAN/Uno/highs_build/highs && /usr/bin/g++ -DNDEBUG -I/var/local/PKGS/CRAN/Uno/inst/HiGHS/extern -I/var/local/PKGS/CRAN/Uno/inst/HiGHS/extern/pdqsort -I/var/local/PKGS/CRAN/Uno/inst/HiGHS/extern/zstr -I/var/local/PKGS/CRAN/Uno/inst/HiGHS/highs -I/var/local/PKGS/CRAN/Uno/inst/HiGHS/highs/interfaces -I/var/local/PKGS/CRAN/Uno/inst/HiGHS/highs/io -I/var/local/PKGS/CRAN/Uno/inst/HiGHS/highs/io/filereader -I/var/local/PKGS/CRAN/Uno/inst/HiGHS/highs/ipm -I/var/local/PKGS/CRAN/Uno/inst/HiGHS/highs/ipm/ipx -I/var/local/PKGS/CRAN/Uno/inst/HiGHS/highs/ipm/basiclu -I/var/local/PKGS/CRAN/Uno/inst/HiGHS/highs/lp_data -I/var/local/PKGS/CRAN/Uno/inst/HiGHS/highs/mip -I/var/local/PKGS/CRAN/Uno/inst/HiGHS/highs/model -I/var/local/PKGS/CRAN/Uno/inst/HiGHS/highs/parallel -I/var/local/PKGS/CRAN/Uno/inst/HiGHS/highs/pdlp -I/var/local/PKGS/CRAN/Uno/inst/HiGHS/highs/pdlp/cupdlp -I/var/local/PKGS/CRAN/Uno/inst/HiGHS/highs/pdlp/hipdlp -I/var/local/PKGS/CRAN/Uno/inst/HiGHS/highs/presolve -I/var/local/PKGS/CRAN/Uno/inst/HiGHS/highs/qpsolver -I/var/local/PKGS/CRAN/Uno/inst/HiGHS/highs/simplex -I/var/local/PKGS/CRAN/Uno/inst/HiGHS/highs/test_kkt -I/var/local/PKGS/CRAN/Uno/inst/HiGHS/highs/util -I/var/local/PKGS/CRAN/Uno/highs_build -O2 -mtune=native -Wno-ignored-attributes -I/usr/local/include -DHIGHS_R_PRINT -std=c++11 -O3 -DNDEBUG -std=c++11 -fPIC -mpopcnt -Wall -Wreturn-type -Wmissing-declarations -Wno-unused-variable -Wno-unused-const-variable -Wno-unused-but-set-variable -Wno-comment -Wno-unused-label -Wno-invalid-offsetof -MD -MT highs/CMakeFiles/highs.dir/interfaces/highs_c_api.cpp.o -MF CMakeFiles/highs.dir/interfaces/highs_c_api.cpp.o.d -o CMakeFiles/highs.dir/interfaces/highs_c_api.cpp.o -c /var/local/PKGS/CRAN/Uno/inst/HiGHS/highs/interfaces/highs_c_api.cpp
cd /var/local/PKGS/CRAN/Uno/highs_build/highs && /usr/bin/g++ -DNDEBUG -I/var/local/PKGS/CRAN/Uno/inst/HiGHS/extern -I/var/local/PKGS/CRAN/Uno/inst/HiGHS/extern/pdqsort -I/var/local/PKGS/CRAN/Uno/inst/HiGHS/extern/zstr -I/var/local/PKGS/CRAN/Uno/inst/HiGHS/highs -I/var/local/PKGS/CRAN/Uno/inst/HiGHS/highs/interfaces -I/var/local/PKGS/CRAN/Uno/inst/HiGHS/highs/io -I/var/local/PKGS/CRAN/Uno/inst/HiGHS/highs/io/filereader -I/var/local/PKGS/CRAN/Uno/inst/HiGHS/highs/ipm -I/var/local/PKGS/CRAN/Uno/inst/HiGHS/highs/ipm/ipx -I/var/local/PKGS/CRAN/Uno/inst/HiGHS/highs/ipm/basiclu -I/var/local/PKGS/CRAN/Uno/inst/HiGHS/highs/lp_data -I/var/local/PKGS/CRAN/Uno/inst/HiGHS/highs/mip -I/var/local/PKGS/CRAN/Uno/inst/HiGHS/highs/model -I/var/local/PKGS/CRAN/Uno/inst/HiGHS/highs/parallel -I/var/local/PKGS/CRAN/Uno/inst/HiGHS/highs/pdlp -I/var/local/PKGS/CRAN/Uno/inst/HiGHS/highs/pdlp/cupdlp -I/var/local/PKGS/CRAN/Uno/inst/HiGHS/highs/pdlp/hipdlp -I/var/local/PKGS/CRAN/Uno/inst/HiGHS/highs/presolve -I/var/local/PKGS/CRAN/Uno/inst/HiGHS/highs/qpsolver -I/var/local/PKGS/CRAN/Uno/inst/HiGHS/highs/simplex -I/var/local/PKGS/CRAN/Uno/inst/HiGHS/highs/test_kkt -I/var/local/PKGS/CRAN/Uno/inst/HiGHS/highs/util -I/var/local/PKGS/CRAN/Uno/highs_build -O2 -mtune=native -Wno-ignored-attributes -I/usr/local/include -DHIGHS_R_PRINT -std=c++11 -O3 -DNDEBUG -std=c++11 -fPIC -mpopcnt -Wall -Wreturn-type -Wmissing-declarations -Wno-unused-variable -Wno-unused-const-variable -Wno-unused-but-set-variable -Wno-comment -Wno-unused-label -Wno-invalid-offsetof -MD -MT highs/CMakeFiles/highs.dir/io/Filereader.cpp.o -MF CMakeFiles/highs.dir/io/Filereader.cpp.o.d -o CMakeFiles/highs.dir/io/Filereader.cpp.o -c /var/local/PKGS/CRAN/Uno/inst/HiGHS/highs/io/Filereader.cpp
In file included from /var/local/PKGS/CRAN/Uno/highs_build/HConfig.h:31,
                 from /var/local/PKGS/CRAN/Uno/inst/HiGHS/highs/util/HighsInt.h:24,
                 from /var/local/PKGS/CRAN/Uno/inst/HiGHS/highs/lp_data/HighsCallbackStruct.h:14,
                 from /var/local/PKGS/CRAN/Uno/inst/HiGHS/highs/interfaces/highs_c_api.h:24,
                 from /var/local/PKGS/CRAN/Uno/inst/HiGHS/highs/interfaces/highs_c_api.cpp:8:
/var/local/PKGS/CRAN/Uno/inst/HiGHS/highs/io/r_io.h:111:10: fatal error: R_ext/Error.h: No such file or directory
  111 | #include <R_ext/Error.h> /* Rf_error (noreturn) -- for abort / exit redirect */
      |          ^~~~~~~~~~~~~~~
compilation terminated.
make[3]: *** [highs/CMakeFiles/highs.dir/build.make:82: highs/CMakeFiles/highs.dir/interfaces/highs_c_api.cpp.o] Error 1
make[3]: *** Waiting for unfinished jobs....
In file included from /var/local/PKGS/CRAN/Uno/highs_build/HConfig.h:31,
                 from /var/local/PKGS/CRAN/Uno/inst/HiGHS/highs/util/HighsInt.h:24,
                 from /var/local/PKGS/CRAN/Uno/inst/HiGHS/highs/lp_data/HConst.h:18,
                 from /var/local/PKGS/CRAN/Uno/inst/HiGHS/highs/lp_data/HStruct.h:17,
                 from /var/local/PKGS/CRAN/Uno/inst/HiGHS/highs/lp_data/HighsCallback.h:20,
                 from /var/local/PKGS/CRAN/Uno/inst/HiGHS/highs/io/HighsIO.h:17,
                 from /var/local/PKGS/CRAN/Uno/inst/HiGHS/highs/io/Filereader.h:14,
                 from /var/local/PKGS/CRAN/Uno/inst/HiGHS/highs/io/Filereader.cpp:9:
/var/local/PKGS/CRAN/Uno/inst/HiGHS/highs/io/r_io.h:111:10: fatal error: R_ext/Error.h: No such file or directory
  111 | #include <R_ext/Error.h> /* Rf_error (noreturn) -- for abort / exit redirect */
      |          ^~~~~~~~~~~~~~~
compilation terminated.
make[3]: *** [highs/CMakeFiles/highs.dir/build.make:96: highs/CMakeFiles/highs.dir/io/Filereader.cpp.o] Error 1
make[3]: Leaving directory '/var/local/PKGS/CRAN/Uno/highs_build'
make[2]: *** [CMakeFiles/Makefile2:155: highs/CMakeFiles/highs.dir/all] Error 2
make[2]: Leaving directory '/var/local/PKGS/CRAN/Uno/highs_build'
gmake[1]: *** [Makefile:159: all] Error 2
gmake[1]: Leaving directory '/var/local/PKGS/CRAN/Uno/highs_build'

HiGHS build failed!
ERROR: configuration failed for package 'Uno'
* removing '/home/runner/R-patched/lib/Uno'
